[0.011s] Invoking command in '/home/corey/uumotor-servo-motor-driver-ros2/build/uumotor_servo_motor_driver': CMAKE_PREFIX_PATH=/opt/ros/galactic /home/corey/.local/bin/cmake --build /home/corey/uumotor-servo-motor-driver-ros2/build/uumotor_servo_motor_driver -- -j16 -l16
[0.043s] [ 25%] Built target fun
[0.043s] [ 62%] Built target uumotor_servo_motor_driver
[0.056s] [ 75%] [32mBuilding CXX object CMakeFiles/driver.dir/src/test_node.cpp.o[0m
[1.718s] [ 87%] [32m[1mLinking CXX executable driver[0m
[1.779s] /usr/bin/ld: CMakeFiles/driver.dir/src/test_node.cpp.o: in function `main':
[1.779s] test_node.cpp:(.text+0x17a): undefined reference to `Functions::test(std::__cxx11::basic_string<char, std::char_traits<char>, std::allocator<char> >)'
[1.779s] collect2: error: ld returned 1 exit status
[1.779s] make[2]: *** [CMakeFiles/driver.dir/build.make:162: driver] Error 1
[1.780s] make[1]: *** [CMakeFiles/Makefile2:167: CMakeFiles/driver.dir/all] Error 2
[1.780s] make: *** [Makefile:146: all] Error 2
[1.783s] Invoked command in '/home/corey/uumotor-servo-motor-driver-ros2/build/uumotor_servo_motor_driver' returned '2': CMAKE_PREFIX_PATH=/opt/ros/galactic /home/corey/.local/bin/cmake --build /home/corey/uumotor-servo-motor-driver-ros2/build/uumotor_servo_motor_driver -- -j16 -l16
