[0.012s] Invoking command in '/home/corey/uumotor-servo-motor-driver-ros2/build/uumotor_servo_motor_driver': CMAKE_PREFIX_PATH=/opt/ros/galactic /home/corey/.local/bin/cmake --build /home/corey/uumotor-servo-motor-driver-ros2/build/uumotor_servo_motor_driver -- -j16 -l16
[0.041s] -- Found ament_cmake: 1.1.6 (/opt/ros/galactic/share/ament_cmake/cmake)
[0.042s] [33mCMake Warning (dev) at /opt/ros/galactic/share/ament_cmake_core/cmake/core/python.cmake:22 (find_package):
[0.042s]   Policy CMP0148 is not set: The FindPythonInterp and FindPythonLibs modules
[0.042s]   are removed.  Run "cmake --help-policy CMP0148" for policy details.  Use
[0.042s]   the cmake_policy command to set the policy and suppress this warning.
[0.042s] 
[0.042s] Call Stack (most recent call first):
[0.042s]   /opt/ros/galactic/share/ament_cmake_core/cmake/core/all.cmake:53 (include)
[0.042s]   /opt/ros/galactic/share/ament_cmake_core/cmake/ament_cmake_core-extras.cmake:17 (include)
[0.042s]   /opt/ros/galactic/share/ament_cmake_core/cmake/ament_cmake_coreConfig.cmake:41 (include)
[0.043s]   /opt/ros/galactic/share/ament_cmake/cmake/ament_cmake_export_dependencies-extras.cmake:15 (find_package)
[0.043s]   /opt/ros/galactic/share/ament_cmake/cmake/ament_cmakeConfig.cmake:41 (include)
[0.043s]   CMakeLists.txt:11 (find_package)
[0.043s] This warning is for project developers.  Use -Wno-dev to suppress it.
[0.043s] [0m
[0.058s] -- Using PYTHON_EXECUTABLE: /usr/bin/python3
[0.099s] -- Override CMake install command with custom implementation using symlinks instead of copying resources
[0.105s] -- Found rclcpp: 9.2.2 (/opt/ros/galactic/share/rclcpp/cmake)
[0.133s] -- Using all available rosidl_typesupport_c: rosidl_typesupport_fastrtps_c;rosidl_typesupport_introspection_c
[0.136s] -- Found rosidl_adapter: 2.2.3 (/opt/ros/galactic/share/rosidl_adapter/cmake)
[0.228s] -- Using all available rosidl_typesupport_cpp: rosidl_typesupport_fastrtps_cpp;rosidl_typesupport_introspection_cpp
[0.267s] -- Found rmw_implementation_cmake: 3.3.1 (/opt/ros/galactic/share/rmw_implementation_cmake/cmake)
[0.269s] -- Found rmw_cyclonedds_cpp: 0.22.6 (/opt/ros/galactic/share/rmw_cyclonedds_cpp/cmake)
[0.284s] -- Using RMW implementation 'rmw_cyclonedds_cpp' as default
[0.435s] -- Configuring done (0.4s)
[0.446s] -- Generating done (0.0s)
[0.448s] -- Build files have been written to: /home/corey/uumotor-servo-motor-driver-ros2/build/uumotor_servo_motor_driver
[0.463s] [ 18%] Built target fun
[0.468s] [ 36%] Built target cmd
[0.468s] [ 63%] Built target uumotor_servo_motor_driver
[0.482s] [ 72%] [32m[1mLinking CXX executable driver[0m
[0.565s] /usr/bin/ld: CMakeFiles/driver.dir/src/test_node.cpp.o: in function `Comms::Comms()':
[0.565s] test_node.cpp:(.text._ZN5CommsC2Ev[_ZN5CommsC5Ev]+0x19): undefined reference to `LibSerial::SerialPort::SerialPort()'
[0.565s] /usr/bin/ld: test_node.cpp:(.text._ZN5CommsC2Ev[_ZN5CommsC5Ev]+0x3e): undefined reference to `LibSerial::SerialPort::~SerialPort()'
[0.565s] /usr/bin/ld: CMakeFiles/driver.dir/src/test_node.cpp.o: in function `Comms::~Comms()':
[0.565s] test_node.cpp:(.text._ZN5CommsD2Ev[_ZN5CommsD5Ev]+0x28): undefined reference to `LibSerial::SerialPort::~SerialPort()'
[0.565s] collect2: error: ld returned 1 exit status
[0.566s] make[2]: *** [CMakeFiles/driver.dir/build.make:179: driver] Error 1
[0.566s] make[1]: *** [CMakeFiles/Makefile2:170: CMakeFiles/driver.dir/all] Error 2
[0.566s] make: *** [Makefile:146: all] Error 2
[0.570s] Invoked command in '/home/corey/uumotor-servo-motor-driver-ros2/build/uumotor_servo_motor_driver' returned '2': CMAKE_PREFIX_PATH=/opt/ros/galactic /home/corey/.local/bin/cmake --build /home/corey/uumotor-servo-motor-driver-ros2/build/uumotor_servo_motor_driver -- -j16 -l16
