[ 18%] Built target fun
[ 63%] Built target cmd
[ 63%] Built target uumotor_servo_motor_driver
[ 72%] [32mBuilding CXX object CMakeFiles/driver.dir/src/test_node.cpp.o[0m
In file included from [01m[K/home/corey/uumotor-servo-motor-driver-ros2/src/uumotor_servo_motor_driver/src/test_node.cpp:8[m[K:
[01m[K/home/corey/uumotor-servo-motor-driver-ros2/src/uumotor_servo_motor_driver/include/uumotor_servo_motor_driver/controller.hpp:23:17:[m[K [01;35m[Kwarning: [m[Kmissing terminating " character
   23 |                 [01;35m[K"[m[KMotor Controller Test\n
      |                 [01;35m[K^[m[K
[01m[K/home/corey/uumotor-servo-motor-driver-ros2/src/uumotor_servo_motor_driver/include/uumotor_servo_motor_driver/controller.hpp:23:17:[m[K [01;31m[Kerror: [m[Kmissing terminating " character
   23 |                 [01;31m[K"Motor Controller Test\n[m[K
      |                 [01;31m[K^~~~~~~~~~~~~~~~~~~~~~~~[m[K
[01m[K/home/corey/uumotor-servo-motor-driver-ros2/src/uumotor_servo_motor_driver/include/uumotor_servo_motor_driver/controller.hpp:24:38:[m[K [01;31m[Kerror: [m[Kstray â€˜[01m[K\[m[Kâ€™ in program
   24 |                 Type ca to calibrate,[01;31m[K\[m[Kn
      |                                      [01;31m[K^[m[K
[01m[K/home/corey/uumotor-servo-motor-driver-ros2/src/uumotor_servo_motor_driver/include/uumotor_servo_motor_driver/controller.hpp:25:37:[m[K [01;31m[Kerror: [m[Kstray â€˜[01m[K\[m[Kâ€™ in program
   25 |                 Type s to run motor,[01;31m[K\[m[Kn
      |                                     [01;31m[K^[m[K
[01m[K/home/corey/uumotor-servo-motor-driver-ros2/src/uumotor_servo_motor_driver/include/uumotor_servo_motor_driver/controller.hpp:26:38:[m[K [01;31m[Kerror: [m[Kstray â€˜[01m[K\[m[Kâ€™ in program
   26 |                 Type x to stop motor,[01;31m[K\[m[Kn
      |                                      [01;31m[K^[m[K
[01m[K/home/corey/uumotor-servo-motor-driver-ros2/src/uumotor_servo_motor_driver/include/uumotor_servo_motor_driver/controller.hpp:27:49:[m[K [01;31m[Kerror: [m[Kstray â€˜[01m[K\[m[Kâ€™ in program
   27 |                 Type cs (value) to change speed,[01;31m[K\[m[Kn
      |                                                 [01;31m[K^[m[K
[01m[K/home/corey/uumotor-servo-motor-driver-ros2/src/uumotor_servo_motor_driver/include/uumotor_servo_motor_driver/controller.hpp:28:55:[m[K [01;31m[Kerror: [m[Kstray â€˜[01m[K\[m[Kâ€™ in program
   28 |                 Type cc (value) to change the current,[01;31m[K\[m[Kn
      |                                                       [01;31m[K^[m[K
[01m[K/home/corey/uumotor-servo-motor-driver-ros2/src/uumotor_servo_motor_driver/include/uumotor_servo_motor_driver/controller.hpp:29:54:[m[K [01;31m[Kerror: [m[Kstray â€˜[01m[K\[m[Kâ€™ in program
   29 |                 Type mr to check if motor is running,[01;31m[K\[m[Kn
      |                                                      [01;31m[K^[m[K
[01m[K/home/corey/uumotor-servo-motor-driver-ros2/src/uumotor_servo_motor_driver/include/uumotor_servo_motor_driver/controller.hpp:30:44:[m[K [01;31m[Kerror: [m[Kstray â€˜[01m[K\[m[Kâ€™ in program
   30 |                 Type rt to read motor temp,[01;31m[K\[m[Kn
      |                                            [01;31m[K^[m[K
[01m[K/home/corey/uumotor-servo-motor-driver-ros2/src/uumotor_servo_motor_driver/include/uumotor_servo_motor_driver/controller.hpp:31:45:[m[K [01;31m[Kerror: [m[Kstray â€˜[01m[K\[m[Kâ€™ in program
   31 |                 Type rv to read bus voltage,[01;31m[K\[m[Kn
      |                                             [01;31m[K^[m[K
[01m[K/home/corey/uumotor-servo-motor-driver-ros2/src/uumotor_servo_motor_driver/include/uumotor_servo_motor_driver/controller.hpp:32:51:[m[K [01;31m[Kerror: [m[Kstray â€˜[01m[K\[m[Kâ€™ in program
   32 |                 Type ap to read absolute position,[01;31m[K\[m[Kn
      |                                                   [01;31m[K^[m[K
[01m[K/home/corey/uumotor-servo-motor-driver-ros2/src/uumotor_servo_motor_driver/include/uumotor_servo_motor_driver/controller.hpp:33:31:[m[K [01;35m[Kwarning: [m[Kmissing terminating " character
   33 |                 Type q to quit[01;35m[K"[m[K << std::endl;
      |                               [01;35m[K^[m[K
[01m[K/home/corey/uumotor-servo-motor-driver-ros2/src/uumotor_servo_motor_driver/include/uumotor_servo_motor_driver/controller.hpp:33:31:[m[K [01;31m[Kerror: [m[Kmissing terminating " character
   33 |                 Type q to quit[01;31m[K" << std::endl;[m[K
      |                               [01;31m[K^~~~~~~~~~~~~~~[m[K
[01m[K/home/corey/uumotor-servo-motor-driver-ros2/src/uumotor_servo_motor_driver/include/uumotor_servo_motor_driver/controller.hpp:[m[K In member function â€˜[01m[Kvoid Controller::start_demo()[m[Kâ€™:
[01m[K/home/corey/uumotor-servo-motor-driver-ros2/src/uumotor_servo_motor_driver/include/uumotor_servo_motor_driver/controller.hpp:24:17:[m[K [01;31m[Kerror: [m[Kâ€˜[01m[KType[m[Kâ€™ was not declared in this scope
   24 |                 [01;31m[KType[m[K ca to calibrate,\n
      |                 [01;31m[K^~~~[m[K
make[2]: *** [CMakeFiles/driver.dir/build.make:76: CMakeFiles/driver.dir/src/test_node.cpp.o] Error 1
make[1]: *** [CMakeFiles/Makefile2:170: CMakeFiles/driver.dir/all] Error 2
make: *** [Makefile:146: all] Error 2
