[0.013s] Invoking command in '/home/corey/uumotor-servo-motor-driver-ros2/build/uumotor_servo_motor_driver': CMAKE_PREFIX_PATH=${CMAKE_PREFIX_PATH}:/home/corey/uumotor-servo-motor-driver-ros2/install/serial:/opt/ros/galactic /home/corey/.local/bin/cmake --build /home/corey/uumotor-servo-motor-driver-ros2/build/uumotor_servo_motor_driver -- -j16 -l16
[0.047s] [ 20%] [32mBuilding CXX object CMakeFiles/uumotor_servo_motor_driver.dir/src/functions.cpp.o[0m
[0.047s] [ 40%] [32m[1mLinking CXX executable driver[0m
[0.114s] /usr/bin/ld: CMakeFiles/driver.dir/src/test_node.cpp.o: in function `main':
[0.114s] test_node.cpp:(.text+0x16b): undefined reference to `Functions::CRC16(unsigned char*, unsigned short)'
[0.114s] collect2: error: ld returned 1 exit status
[0.115s] make[2]: *** [CMakeFiles/driver.dir/build.make:145: driver] Error 1
[0.115s] make[1]: *** [CMakeFiles/Makefile2:165: CMakeFiles/driver.dir/all] Error 2
[0.115s] make[1]: *** Waiting for unfinished jobs....
[0.146s] [01m[K/home/corey/uumotor-servo-motor-driver-ros2/src/uumotor_servo_motor_driver/src/functions.cpp:[m[K In function â€˜[01m[Kshort unsigned int CRC16(unsigned char*, short unsigned int)[m[Kâ€™:
[0.146s] [01m[K/home/corey/uumotor-servo-motor-driver-ros2/src/uumotor_servo_motor_driver/src/functions.cpp:14:46:[m[K [01;31m[Kerror: [m[Kinvalid types â€˜[01m[Kunsigned char[unsigned int][m[Kâ€™ for array subscript
[0.146s]    14 |         uchCRCHi = uchCRCLo ^ uchCRCHi[uIndex[01;31m[K][m[K ;
[0.147s]       |                                              [01;31m[K^[m[K
[0.147s] [01m[K/home/corey/uumotor-servo-motor-driver-ros2/src/uumotor_servo_motor_driver/src/functions.cpp:15:35:[m[K [01;31m[Kerror: [m[Kinvalid types â€˜[01m[Kunsigned char[unsigned int][m[Kâ€™ for array subscript
[0.147s]    15 |         uchCRCLo = uchCRCLo[uIndex[01;31m[K][m[K ;
[0.147s]       |                                   [01;31m[K^[m[K
[0.164s] make[2]: *** [CMakeFiles/uumotor_servo_motor_driver.dir/build.make:90: CMakeFiles/uumotor_servo_motor_driver.dir/src/functions.cpp.o] Error 1
[0.165s] make[1]: *** [CMakeFiles/Makefile2:139: CMakeFiles/uumotor_servo_motor_driver.dir/all] Error 2
[0.165s] make: *** [Makefile:146: all] Error 2
[0.168s] Invoked command in '/home/corey/uumotor-servo-motor-driver-ros2/build/uumotor_servo_motor_driver' returned '2': CMAKE_PREFIX_PATH=${CMAKE_PREFIX_PATH}:/home/corey/uumotor-servo-motor-driver-ros2/install/serial:/opt/ros/galactic /home/corey/.local/bin/cmake --build /home/corey/uumotor-servo-motor-driver-ros2/build/uumotor_servo_motor_driver -- -j16 -l16
