[ 18%] Built target fun
[ 36%] Built target cmd
[ 63%] Built target uumotor_servo_motor_driver
[ 72%] [32mBuilding CXX object CMakeFiles/driver.dir/src/test_node.cpp.o[0m
In file included from [01m[K/home/corey/uumotor-servo-motor-driver-ros2/src/uumotor_servo_motor_driver/src/test_node.cpp:10[m[K:
[01m[K/home/corey/uumotor-servo-motor-driver-ros2/src/uumotor_servo_motor_driver/include/uumotor_servo_motor_driver/motor_controller.hpp:[m[K In member function â€˜[01m[Kbool MotorController::motor_running(int)[m[Kâ€™:
[01m[K/home/corey/uumotor-servo-motor-driver-ros2/src/uumotor_servo_motor_driver/include/uumotor_servo_motor_driver/motor_controller.hpp:74:45:[m[K [01;31m[Kerror: [m[Kâ€˜[01m[Khex_num[m[Kâ€™ was not declared in this scope; did you mean â€˜[01m[Kenum[m[Kâ€™?
   74 |             bool check = fun_.check_message([01;31m[Khex_num[m[K.data());
      |                                             [01;31m[K^~~~~~~[m[K
      |                                             [32m[Kenum[m[K
make[2]: *** [CMakeFiles/driver.dir/build.make:76: CMakeFiles/driver.dir/src/test_node.cpp.o] Error 1
make[1]: *** [CMakeFiles/Makefile2:170: CMakeFiles/driver.dir/all] Error 2
make: *** [Makefile:146: all] Error 2
