[0.012s] Invoking command in '/home/corey/uumotor-servo-motor-driver-ros2/build/uumotor_servo_motor_driver': CMAKE_PREFIX_PATH=/opt/ros/galactic /home/corey/.local/bin/cmake --build /home/corey/uumotor-servo-motor-driver-ros2/build/uumotor_servo_motor_driver -- -j16 -l16
[0.073s] [ 16%] [32mBuilding CXX object CMakeFiles/driver.dir/src/test.cpp.o[0m
[0.079s] [ 33%] [32mBuilding CXX object CMakeFiles/uumotor_servo_motor_driver.dir/src/test.cpp.o[0m
[0.082s] [01m[K/home/corey/uumotor-servo-motor-driver-ros2/src/uumotor_servo_motor_driver/src/test.cpp:1:10:[m[K [01;31m[Kfatal error: [m[Kuumotor_servo_motor_driver/functions.h: No such file or directory
[0.082s]     1 | #include [01;31m[K"uumotor_servo_motor_driver/functions.h"[m[K
[0.082s]       |          [01;31m[K^~~~~~~~~~~~~~~~~~~~~~~~~~~~~~~~~~~~~~~~[m[K
[0.082s] compilation terminated.
[0.084s] make[2]: *** [CMakeFiles/driver.dir/build.make:76: CMakeFiles/driver.dir/src/test.cpp.o] Error 1
[0.084s] make[1]: *** [CMakeFiles/Makefile2:165: CMakeFiles/driver.dir/all] Error 2
[0.084s] make[1]: *** Waiting for unfinished jobs....
[0.258s] [01m[K/home/corey/uumotor-servo-motor-driver-ros2/src/uumotor_servo_motor_driver/src/test.cpp:[m[K In function â€˜[01m[Kint main()[m[Kâ€™:
[0.258s] [01m[K/home/corey/uumotor-servo-motor-driver-ros2/src/uumotor_servo_motor_driver/src/test.cpp:14:37:[m[K [01;31m[Kerror: [m[Kinvalid conversion from â€˜[01m[Kunsigned char[m[Kâ€™ to â€˜[01m[Kconst char*[m[Kâ€™ [[01;31m[K-fpermissive[m[K]
[0.258s]    14 |         val[i] = (uint8_t)atoi([01;31m[Kcmd[i][m[K);
[0.258s]       |                                [01;31m[K~~~~~^[m[K
[0.258s]       |                                     [01;31m[K|[m[K
[0.258s]       |                                     [01;31m[Kunsigned char[m[K
[0.259s] In file included from [01m[K/usr/include/c++/9/cstdlib:75[m[K,
[0.260s]                  from [01m[K/usr/include/c++/9/ext/string_conversions.h:41[m[K,
[0.260s]                  from [01m[K/usr/include/c++/9/bits/basic_string.h:6496[m[K,
[0.261s]                  from [01m[K/usr/include/c++/9/string:55[m[K,
[0.261s]                  from [01m[K/home/corey/uumotor-servo-motor-driver-ros2/src/uumotor_servo_motor_driver/include/uumotor_servo_motor_driver/functions.h:4[m[K,
[0.261s]                  from [01m[K/home/corey/uumotor-servo-motor-driver-ros2/src/uumotor_servo_motor_driver/src/test.cpp:1[m[K:
[0.261s] [01m[K/usr/include/stdlib.h:104:30:[m[K [01;36m[Knote: [m[K  initializing argument 1 of â€˜[01m[Kint atoi(const char*)[m[Kâ€™
[0.262s]   104 | extern int atoi ([01;36m[Kconst char *__nptr[m[K)
[0.262s]       |                  [01;36m[K~~~~~~~~~~~~^~~~~~[m[K
[0.281s] make[2]: *** [CMakeFiles/uumotor_servo_motor_driver.dir/build.make:104: CMakeFiles/uumotor_servo_motor_driver.dir/src/test.cpp.o] Error 1
[0.281s] make[1]: *** [CMakeFiles/Makefile2:139: CMakeFiles/uumotor_servo_motor_driver.dir/all] Error 2
[0.281s] make: *** [Makefile:146: all] Error 2
[0.286s] Invoked command in '/home/corey/uumotor-servo-motor-driver-ros2/build/uumotor_servo_motor_driver' returned '2': CMAKE_PREFIX_PATH=/opt/ros/galactic /home/corey/.local/bin/cmake --build /home/corey/uumotor-servo-motor-driver-ros2/build/uumotor_servo_motor_driver -- -j16 -l16
