[ 60%] Built target uumotor_servo_motor_driver
[ 80%] [32mBuilding CXX object CMakeFiles/driver.dir/src/test_node.cpp.o[0m
[01m[K/home/corey/uumotor-servo-motor-driver-ros2/src/uumotor_servo_motor_driver/src/test_node.cpp:[m[K In function â€˜[01m[Kint main(int, char**)[m[Kâ€™:
[01m[K/home/corey/uumotor-servo-motor-driver-ros2/src/uumotor_servo_motor_driver/src/test_node.cpp:41:28:[m[K [01;31m[Kerror: [m[Krequest for member â€˜[01m[Kto_str[m[Kâ€™ in â€˜[01m[Kcrc[m[Kâ€™, which is of non-class type â€˜[01m[Kuint16_t[m[Kâ€™ {aka â€˜[01m[Kshort unsigned int[m[Kâ€™}
   41 |     rclcpp::get_logger(crc.[01;31m[Kto_str[m[K());
      |                            [01;31m[K^~~~~~[m[K
[01m[K/home/corey/uumotor-servo-motor-driver-ros2/src/uumotor_servo_motor_driver/src/test_node.cpp:36:13:[m[K [01;35m[Kwarning: [m[Kunused variable â€˜[01m[Kval[m[Kâ€™ [[01;35m[K-Wunused-variable[m[K]
   36 |     uint8_t [01;35m[Kval[m[K[6];
      |             [01;35m[K^~~[m[K
make[2]: *** [CMakeFiles/driver.dir/build.make:76: CMakeFiles/driver.dir/src/test_node.cpp.o] Error 1
make[1]: *** [CMakeFiles/Makefile2:165: CMakeFiles/driver.dir/all] Error 2
make: *** [Makefile:146: all] Error 2
