[0.014s] Invoking command in '/home/corey/uumotor-servo-motor-driver-ros2/build/uumotor_servo_motor_driver': CMAKE_PREFIX_PATH=${CMAKE_PREFIX_PATH}:/opt/ros/galactic /home/corey/.local/bin/cmake --build /home/corey/uumotor-servo-motor-driver-ros2/build/uumotor_servo_motor_driver -- -j16 -l16
[0.048s] [  9%] [32mBuilding CXX object CMakeFiles/fun.dir/src/functions.cpp.o[0m
[0.050s] [ 18%] [32mBuilding CXX object CMakeFiles/cmd.dir/src/commands.cpp.o[0m
[0.058s] [ 36%] [32mBuilding CXX object CMakeFiles/uumotor_servo_motor_driver.dir/src/commands.cpp.o[0m
[0.058s] [ 36%] [32mBuilding CXX object CMakeFiles/uumotor_servo_motor_driver.dir/src/functions.cpp.o[0m
[0.226s] [01m[K/home/corey/uumotor-servo-motor-driver-ros2/src/uumotor_servo_motor_driver/src/functions.cpp:[m[K In member function â€˜[01m[Kint Functions::check_message(int*)[m[Kâ€™:
[0.226s] [01m[K/home/corey/uumotor-servo-motor-driver-ros2/src/uumotor_servo_motor_driver/src/functions.cpp:114:19:[m[K [01;31m[Kerror: [m[Kâ€˜[01m[Kbegin[m[Kâ€™ was not declared in this scope; did you mean â€˜[01m[Kstd::begin[m[Kâ€™?
[0.226s]   114 |     for (auto d : [01;31m[Kmsg[m[K)
[0.226s]       |                   [01;31m[K^~~[m[K
[0.226s]       |                   [32m[Kstd::begin[m[K
[0.226s] In file included from [01m[K/usr/include/c++/9/string:54[m[K,
[0.227s]                  from [01m[K/home/corey/uumotor-servo-motor-driver-ros2/src/uumotor_servo_motor_driver/include/uumotor_servo_motor_driver/functions.h:4[m[K,
[0.227s]                  from [01m[K/home/corey/uumotor-servo-motor-driver-ros2/src/uumotor_servo_motor_driver/src/functions.cpp:1[m[K:
[0.227s] [01m[K/usr/include/c++/9/bits/range_access.h:105:37:[m[K [01;36m[Knote: [m[Kâ€˜[01m[Kstd::begin[m[Kâ€™ declared here
[0.227s]   105 |   template<typename _Tp> const _Tp* [01;36m[Kbegin[m[K(const valarray<_Tp>&);
[0.227s]       |                                     [01;36m[K^~~~~[m[K
[0.227s] [01m[K/home/corey/uumotor-servo-motor-driver-ros2/src/uumotor_servo_motor_driver/src/functions.cpp:114:19:[m[K [01;31m[Kerror: [m[Kâ€˜[01m[Kend[m[Kâ€™ was not declared in this scope; did you mean â€˜[01m[Kstd::end[m[Kâ€™?
[0.227s]   114 |     for (auto d : [01;31m[Kmsg[m[K)
[0.227s]       |                   [01;31m[K^~~[m[K
[0.227s]       |                   [32m[Kstd::end[m[K
[0.227s] In file included from [01m[K/usr/include/c++/9/string:54[m[K,
[0.227s]                  from [01m[K/home/corey/uumotor-servo-motor-driver-ros2/src/uumotor_servo_motor_driver/include/uumotor_servo_motor_driver/functions.h:4[m[K,
[0.227s]                  from [01m[K/home/corey/uumotor-servo-motor-driver-ros2/src/uumotor_servo_motor_driver/src/functions.cpp:1[m[K:
[0.227s] [01m[K/usr/include/c++/9/bits/range_access.h:107:37:[m[K [01;36m[Knote: [m[Kâ€˜[01m[Kstd::end[m[Kâ€™ declared here
[0.227s]   107 |   template<typename _Tp> const _Tp* [01;36m[Kend[m[K(const valarray<_Tp>&);
[0.227s]       |                                     [01;36m[K^~~[m[K
[0.227s] [01m[K/home/corey/uumotor-servo-motor-driver-ros2/src/uumotor_servo_motor_driver/src/functions.cpp:[m[K At global scope:
[0.227s] [01m[K/home/corey/uumotor-servo-motor-driver-ros2/src/uumotor_servo_motor_driver/src/functions.cpp:130:5:[m[K [01;31m[Kerror: [m[Kno declaration matches â€˜[01m[Kint Functions::message_decoder(int*, int, bool)[m[Kâ€™
[0.227s]   130 | int [01;31m[KFunctions[m[K::message_decoder(int *msg, int bit, bool unsign)
[0.227s]       |     [01;31m[K^~~~~~~~~[m[K
[0.228s] In file included from [01m[K/home/corey/uumotor-servo-motor-driver-ros2/src/uumotor_servo_motor_driver/src/functions.cpp:1[m[K:
[0.228s] [01m[K/home/corey/uumotor-servo-motor-driver-ros2/src/uumotor_servo_motor_driver/include/uumotor_servo_motor_driver/functions.h:26:9:[m[K [01;36m[Knote: [m[Kcandidate is: â€˜[01m[Kint Functions::message_decoder(uint8_t*, int, bool)[m[Kâ€™
[0.228s]    26 |     int [01;36m[Kmessage_decoder[m[K(uint8_t *msg, int bit, bool unsign);
[0.228s]       |         [01;36m[K^~~~~~~~~~~~~~~[m[K
[0.228s] [01m[K/home/corey/uumotor-servo-motor-driver-ros2/src/uumotor_servo_motor_driver/include/uumotor_servo_motor_driver/functions.h:9:7:[m[K [01;36m[Knote: [m[Kâ€˜[01m[Kclass Functions[m[Kâ€™ defined here
[0.228s]     9 | class [01;36m[KFunctions[m[K
[0.228s]       |       [01;36m[K^~~~~~~~~[m[K
[0.262s] make[2]: *** [CMakeFiles/fun.dir/build.make:76: CMakeFiles/fun.dir/src/functions.cpp.o] Error 1
[0.263s] make[1]: *** [CMakeFiles/Makefile2:196: CMakeFiles/fun.dir/all] Error 2
[0.263s] make[1]: *** Waiting for unfinished jobs....
[0.268s] [01m[K/home/corey/uumotor-servo-motor-driver-ros2/src/uumotor_servo_motor_driver/src/functions.cpp:[m[K In member function â€˜[01m[Kint Functions::check_message(int*)[m[Kâ€™:
[0.268s] [01m[K/home/corey/uumotor-servo-motor-driver-ros2/src/uumotor_servo_motor_driver/src/functions.cpp:114:19:[m[K [01;31m[Kerror: [m[Kâ€˜[01m[Kbegin[m[Kâ€™ was not declared in this scope; did you mean â€˜[01m[Kstd::begin[m[Kâ€™?
[0.268s]   114 |     for (auto d : [01;31m[Kmsg[m[K)
[0.269s]       |                   [01;31m[K^~~[m[K
[0.269s]       |                   [32m[Kstd::begin[m[K
[0.269s] In file included from [01m[K/usr/include/c++/9/string:54[m[K,
[0.269s]                  from [01m[K/home/corey/uumotor-servo-motor-driver-ros2/src/uumotor_servo_motor_driver/include/uumotor_servo_motor_driver/functions.h:4[m[K,
[0.269s]                  from [01m[K/home/corey/uumotor-servo-motor-driver-ros2/src/uumotor_servo_motor_driver/src/functions.cpp:1[m[K:
[0.269s] [01m[K/usr/include/c++/9/bits/range_access.h:105:37:[m[K [01;36m[Knote: [m[Kâ€˜[01m[Kstd::begin[m[Kâ€™ declared here
[0.269s]   105 |   template<typename _Tp> const _Tp* [01;36m[Kbegin[m[K(const valarray<_Tp>&);
[0.269s]       |                                     [01;36m[K^~~~~[m[K
[0.269s] [01m[K/home/corey/uumotor-servo-motor-driver-ros2/src/uumotor_servo_motor_driver/src/functions.cpp:114:19:[m[K [01;31m[Kerror: [m[Kâ€˜[01m[Kend[m[Kâ€™ was not declared in this scope; did you mean â€˜[01m[Kstd::end[m[Kâ€™?
[0.269s]   114 |     for (auto d : [01;31m[Kmsg[m[K)
[0.269s]       |                   [01;31m[K^~~[m[K
[0.269s]       |                   [32m[Kstd::end[m[K
[0.269s] In file included from [01m[K/usr/include/c++/9/string:54[m[K,
[0.269s]                  from [01m[K/home/corey/uumotor-servo-motor-driver-ros2/src/uumotor_servo_motor_driver/include/uumotor_servo_motor_driver/functions.h:4[m[K,
[0.269s]                  from [01m[K/home/corey/uumotor-servo-motor-driver-ros2/src/uumotor_servo_motor_driver/src/functions.cpp:1[m[K:
[0.270s] [01m[K/usr/include/c++/9/bits/range_access.h:107:37:[m[K [01;36m[Knote: [m[Kâ€˜[01m[Kstd::end[m[Kâ€™ declared here
[0.270s]   107 |   template<typename _Tp> const _Tp* [01;36m[Kend[m[K(const valarray<_Tp>&);
[0.270s]       |                                     [01;36m[K^~~[m[K
[0.270s] [01m[K/home/corey/uumotor-servo-motor-driver-ros2/src/uumotor_servo_motor_driver/src/functions.cpp:[m[K At global scope:
[0.270s] [01m[K/home/corey/uumotor-servo-motor-driver-ros2/src/uumotor_servo_motor_driver/src/functions.cpp:130:5:[m[K [01;31m[Kerror: [m[Kno declaration matches â€˜[01m[Kint Functions::message_decoder(int*, int, bool)[m[Kâ€™
[0.270s]   130 | int [01;31m[KFunctions[m[K::message_decoder(int *msg, int bit, bool unsign)
[0.270s]       |     [01;31m[K^~~~~~~~~[m[K
[0.270s] In file included from [01m[K/home/corey/uumotor-servo-motor-driver-ros2/src/uumotor_servo_motor_driver/src/functions.cpp:1[m[K:
[0.270s] [01m[K/home/corey/uumotor-servo-motor-driver-ros2/src/uumotor_servo_motor_driver/include/uumotor_servo_motor_driver/functions.h:26:9:[m[K [01;36m[Knote: [m[Kcandidate is: â€˜[01m[Kint Functions::message_decoder(uint8_t*, int, bool)[m[Kâ€™
[0.270s]    26 |     int [01;36m[Kmessage_decoder[m[K(uint8_t *msg, int bit, bool unsign);
[0.270s]       |         [01;36m[K^~~~~~~~~~~~~~~[m[K
[0.270s] [01m[K/home/corey/uumotor-servo-motor-driver-ros2/src/uumotor_servo_motor_driver/include/uumotor_servo_motor_driver/functions.h:9:7:[m[K [01;36m[Knote: [m[Kâ€˜[01m[Kclass Functions[m[Kâ€™ defined here
[0.270s]     9 | class [01;36m[KFunctions[m[K
[0.270s]       |       [01;36m[K^~~~~~~~~[m[K
[0.301s] make[2]: *** [CMakeFiles/uumotor_servo_motor_driver.dir/build.make:90: CMakeFiles/uumotor_servo_motor_driver.dir/src/functions.cpp.o] Error 1
[0.301s] make[2]: *** Waiting for unfinished jobs....
[1.990s] [ 45%] [32m[1mLinking CXX static library libcmd.a[0m
[1.999s] [ 45%] Built target cmd
[2.020s] make[1]: *** [CMakeFiles/Makefile2:143: CMakeFiles/uumotor_servo_motor_driver.dir/all] Error 2
[2.021s] make: *** [Makefile:146: all] Error 2
[2.026s] Invoked command in '/home/corey/uumotor-servo-motor-driver-ros2/build/uumotor_servo_motor_driver' returned '2': CMAKE_PREFIX_PATH=${CMAKE_PREFIX_PATH}:/opt/ros/galactic /home/corey/.local/bin/cmake --build /home/corey/uumotor-servo-motor-driver-ros2/build/uumotor_servo_motor_driver -- -j16 -l16
