[0.015s] Invoking command in '/home/corey/uumotor-servo-motor-driver-ros2/build/uumotor_servo_motor_driver': CMAKE_PREFIX_PATH=${CMAKE_PREFIX_PATH}:/opt/ros/galactic /home/corey/.local/bin/cmake --build /home/corey/uumotor-servo-motor-driver-ros2/build/uumotor_servo_motor_driver -- -j16 -l16
[0.057s] [ 18%] Built target fun
[0.058s] [ 54%] Built target cmd
[0.058s] [ 63%] Built target uumotor_servo_motor_driver
[0.075s] [ 72%] [32mBuilding CXX object CMakeFiles/driver.dir/src/test_node.cpp.o[0m
[1.300s] In file included from [01m[K/home/corey/uumotor-servo-motor-driver-ros2/src/uumotor_servo_motor_driver/src/test_node.cpp:12[m[K:
[1.300s] [01m[K/home/corey/uumotor-servo-motor-driver-ros2/src/uumotor_servo_motor_driver/include/uumotor_servo_motor_driver/comms.hpp:[m[K In member function â€˜[01m[Kvoid Comms::connect(const string&, int32_t, int32_t)[m[Kâ€™:
[1.300s] [01m[K/home/corey/uumotor-servo-motor-driver-ros2/src/uumotor_servo_motor_driver/include/uumotor_servo_motor_driver/comms.hpp:41:26:[m[K [01;31m[Kerror: [m[Kcannot convert â€˜[01m[KLibSerial::SerialStream[m[Kâ€™ to â€˜[01m[Kconst string&[m[Kâ€™ {aka â€˜[01m[Kconst std::__cxx11::basic_string<char>&[m[Kâ€™}
[1.300s]    41 |             serial_.Open([01;31m[Kport[m[K);
[1.300s]       |                          [01;31m[K^~~~[m[K
[1.300s]       |                          [01;31m[K|[m[K
[1.300s]       |                          [01;31m[KLibSerial::SerialStream[m[K
[1.300s] In file included from [01m[K/home/corey/uumotor-servo-motor-driver-ros2/src/uumotor_servo_motor_driver/include/uumotor_servo_motor_driver/comms.hpp:4[m[K,
[1.300s]                  from [01m[K/home/corey/uumotor-servo-motor-driver-ros2/src/uumotor_servo_motor_driver/src/test_node.cpp:12[m[K:
[1.300s] [01m[K/usr/include/libserial/SerialStream.h:144:38:[m[K [01;36m[Knote: [m[K  initializing argument 1 of â€˜[01m[Kvoid LibSerial::SerialStream::Open(const string&, const openmode&)[m[Kâ€™
[1.300s]   144 |         void Open([01;36m[Kconst std::string& fileName[m[K,
[1.300s]       |                   [01;36m[K~~~~~~~~~~~~~~~~~~~^~~~~~~~[m[K
[1.776s] make[2]: *** [CMakeFiles/driver.dir/build.make:76: CMakeFiles/driver.dir/src/test_node.cpp.o] Error 1
[1.776s] make[1]: *** [CMakeFiles/Makefile2:170: CMakeFiles/driver.dir/all] Error 2
[1.776s] make: *** [Makefile:146: all] Error 2
[1.780s] Invoked command in '/home/corey/uumotor-servo-motor-driver-ros2/build/uumotor_servo_motor_driver' returned '2': CMAKE_PREFIX_PATH=${CMAKE_PREFIX_PATH}:/opt/ros/galactic /home/corey/.local/bin/cmake --build /home/corey/uumotor-servo-motor-driver-ros2/build/uumotor_servo_motor_driver -- -j16 -l16
