[0.006s] Invoking command in '/home/corey/uumotor-servo-motor-driver-ros2/build/uumotor_servo_motor_driver': CMAKE_PREFIX_PATH=${CMAKE_PREFIX_PATH}:/opt/ros/galactic /usr/bin/cmake --build /home/corey/uumotor-servo-motor-driver-ros2/build/uumotor_servo_motor_driver -- -j32 -l32
[0.030s] [35m[1mScanning dependencies of target cmd[0m
[0.030s] [35m[1mScanning dependencies of target uumotor_servo_motor_driver[0m
[0.035s] [ 18%] Built target fun
[0.043s] [ 27%] [32mBuilding CXX object CMakeFiles/cmd.dir/src/commands.cpp.o[0m
[0.044s] [ 36%] [32mBuilding CXX object CMakeFiles/uumotor_servo_motor_driver.dir/src/commands.cpp.o[0m
[0.736s] [01m[K/home/corey/uumotor-servo-motor-driver-ros2/src/uumotor_servo_motor_driver/src/commands.cpp:[m[K In member function â€˜[01m[Kstd::vector<unsigned char> Commands::set_speed(int, double)[m[Kâ€™:
[0.736s] [01m[K/home/corey/uumotor-servo-motor-driver-ros2/src/uumotor_servo_motor_driver/src/commands.cpp:288:39:[m[K [01;31m[Kerror: [m[Kâ€˜[01m[Kbegin[m[Kâ€™ was not declared in this scope; did you mean â€˜[01m[Kstd::begin[m[Kâ€™?
[0.736s]   288 |             for (auto a: command.data([01;31m[K)[m[K)
[0.736s]       |                                       [01;31m[K^[m[K
[0.736s]       |                                       [32m[Kstd::begin[m[K
[0.736s] [01m[K/home/corey/uumotor-servo-motor-driver-ros2/src/uumotor_servo_motor_driver/src/commands.cpp:[m[K In member function â€˜[01m[Kstd::vector<unsigned char> Commands::set_speed(int, double)[m[Kâ€™:
[0.736s] [01m[K/home/corey/uumotor-servo-motor-driver-ros2/src/uumotor_servo_motor_driver/src/commands.cpp:288:39:[m[K [01;31m[Kerror: [m[Kâ€˜[01m[Kbegin[m[Kâ€™ was not declared in this scope; did you mean â€˜[01m[Kstd::begin[m[Kâ€™?
[0.736s]   288 |             for (auto a: command.data([01;31m[K)[m[K)
[0.736s]       |                                       [01;31m[K^[m[K
[0.736s]       |                                       [32m[Kstd::begin[m[K
[0.736s] In file included from [01m[K/usr/include/c++/9/string:54[m[K,
[0.736s]                  from [01m[K/home/corey/uumotor-servo-motor-driver-ros2/src/uumotor_servo_motor_driver/include/uumotor_servo_motor_driver/commands.h:4[m[K,
[0.736s]                  from [01m[K/home/corey/uumotor-servo-motor-driver-ros2/src/uumotor_servo_motor_driver/src/commands.cpp:1[m[K:
[0.736s] [01m[K/usr/include/c++/9/bits/range_access.h:105:37:[m[K [01;36m[Knote: [m[Kâ€˜[01m[Kstd::begin[m[Kâ€™ declared here
[0.736s]   105 |   template<typename _Tp> const _Tp* [01;36m[Kbegin[m[K(const valarray<_Tp>&);
[0.736s]       |                                     [01;36m[K^~~~~[m[K
[0.736s] In file included from [01m[K/usr/include/c++/9/string:54[m[K,
[0.736s]                  from [01m[K/home/corey/uumotor-servo-motor-driver-ros2/src/uumotor_servo_motor_driver/include/uumotor_servo_motor_driver/commands.h:4[m[K,
[0.736s]                  from [01m[K/home/corey/uumotor-servo-motor-driver-ros2/src/uumotor_servo_motor_driver/src/commands.cpp:1[m[K:
[0.736s] [01m[K/usr/include/c++/9/bits/range_access.h:105:37:[m[K [01;36m[Knote: [m[Kâ€˜[01m[Kstd::begin[m[Kâ€™ declared here
[0.736s]   105 |   template<typename _Tp> const _Tp* [01;36m[Kbegin[m[K(const valarray<_Tp>&);
[0.736s]       |                                     [01;36m[K^~~~~[m[K
[0.736s] [01m[K/home/corey/uumotor-servo-motor-driver-ros2/src/uumotor_servo_motor_driver/src/commands.cpp:288:39:[m[K [01;31m[Kerror: [m[Kâ€˜[01m[Kend[m[Kâ€™ was not declared in this scope; did you mean â€˜[01m[Kstd::end[m[Kâ€™?
[0.736s]   288 |             for (auto a: command.data([01;31m[K)[m[K)
[0.736s]       |                                       [01;31m[K^[m[K
[0.736s]       |                                       [32m[Kstd::end[m[K
[0.736s] In file included from [01m[K/usr/include/c++/9/string:54[m[K,
[0.736s]                  from [01m[K/home/corey/uumotor-servo-motor-driver-ros2/src/uumotor_servo_motor_driver/include/uumotor_servo_motor_driver/commands.h:4[m[K,
[0.736s]                  from [01m[K/home/corey/uumotor-servo-motor-driver-ros2/src/uumotor_servo_motor_driver/src/commands.cpp:1[m[K:
[0.736s] [01m[K/usr/include/c++/9/bits/range_access.h:107:37:[m[K [01;36m[Knote: [m[Kâ€˜[01m[Kstd::end[m[Kâ€™ declared here
[0.737s]   107 |   template<typename _Tp> const _Tp* [01;36m[Kend[m[K(const valarray<_Tp>&);
[0.737s]       |                                     [01;36m[K^~~[m[K
[0.737s] [01m[K/home/corey/uumotor-servo-motor-driver-ros2/src/uumotor_servo_motor_driver/src/commands.cpp:288:39:[m[K [01;31m[Kerror: [m[Kâ€˜[01m[Kend[m[Kâ€™ was not declared in this scope; did you mean â€˜[01m[Kstd::end[m[Kâ€™?
[0.737s]   288 |             for (auto a: command.data([01;31m[K)[m[K)
[0.737s]       |                                       [01;31m[K^[m[K
[0.737s]       |                                       [32m[Kstd::end[m[K
[0.737s] In file included from [01m[K/usr/include/c++/9/string:54[m[K,
[0.737s]                  from [01m[K/home/corey/uumotor-servo-motor-driver-ros2/src/uumotor_servo_motor_driver/include/uumotor_servo_motor_driver/commands.h:4[m[K,
[0.737s]                  from [01m[K/home/corey/uumotor-servo-motor-driver-ros2/src/uumotor_servo_motor_driver/src/commands.cpp:1[m[K:
[0.737s] [01m[K/usr/include/c++/9/bits/range_access.h:107:37:[m[K [01;36m[Knote: [m[Kâ€˜[01m[Kstd::end[m[Kâ€™ declared here
[0.737s]   107 |   template<typename _Tp> const _Tp* [01;36m[Kend[m[K(const valarray<_Tp>&);
[0.737s]       |                                     [01;36m[K^~~[m[K
[1.026s] make[2]: *** [CMakeFiles/cmd.dir/build.make:63: CMakeFiles/cmd.dir/src/commands.cpp.o] Error 1
[1.026s] make[2]: *** [CMakeFiles/uumotor_servo_motor_driver.dir/build.make:63: CMakeFiles/uumotor_servo_motor_driver.dir/src/commands.cpp.o] Error 1
[1.026s] make[1]: *** [CMakeFiles/Makefile2:84: CMakeFiles/cmd.dir/all] Error 2
[1.026s] make[1]: *** Waiting for unfinished jobs....
[1.026s] make[1]: *** [CMakeFiles/Makefile2:138: CMakeFiles/uumotor_servo_motor_driver.dir/all] Error 2
[1.026s] make: *** [Makefile:141: all] Error 2
[1.029s] Invoked command in '/home/corey/uumotor-servo-motor-driver-ros2/build/uumotor_servo_motor_driver' returned '2': CMAKE_PREFIX_PATH=${CMAKE_PREFIX_PATH}:/opt/ros/galactic /usr/bin/cmake --build /home/corey/uumotor-servo-motor-driver-ros2/build/uumotor_servo_motor_driver -- -j32 -l32
