[0.012s] Invoking command in '/home/corey/uumotor-servo-motor-driver-ros2/build/uumotor_servo_motor_driver': CMAKE_PREFIX_PATH=${CMAKE_PREFIX_PATH}:/opt/ros/galactic /home/corey/.local/bin/cmake --build /home/corey/uumotor-servo-motor-driver-ros2/build/uumotor_servo_motor_driver -- -j16 -l16
[0.042s] [ 18%] Built target fun
[0.050s] [ 36%] [32mBuilding CXX object CMakeFiles/cmd.dir/src/commands.cpp.o[0m
[0.050s] [ 36%] [32mBuilding CXX object CMakeFiles/uumotor_servo_motor_driver.dir/src/commands.cpp.o[0m
[1.216s] [01m[K/home/corey/uumotor-servo-motor-driver-ros2/src/uumotor_servo_motor_driver/src/commands.cpp:29:44:[m[K [01;31m[Kerror: [m[Kexpected â€˜[01m[K,[m[Kâ€™ or â€˜[01m[K...[m[Kâ€™ before â€˜[01m[K*[m[Kâ€™ token
[1.216s]    29 | void Commands::set_control_mode(uint8_t[8] [01;31m[K*[m[Kcommand, int motor, std::string mode)
[1.216s]       |                                            [01;31m[K^[m[K
[1.217s] [01m[K/home/corey/uumotor-servo-motor-driver-ros2/src/uumotor_servo_motor_driver/src/commands.cpp:29:6:[m[K [01;31m[Kerror: [m[Kno declaration matches â€˜[01m[Kvoid Commands::set_control_mode(uint8_t*)[m[Kâ€™
[1.217s]    29 | void [01;31m[KCommands[m[K::set_control_mode(uint8_t[8] *command, int motor, std::string mode)
[1.217s]       |      [01;31m[K^~~~~~~~[m[K
[1.217s] In file included from [01m[K/home/corey/uumotor-servo-motor-driver-ros2/src/uumotor_servo_motor_driver/src/commands.cpp:1[m[K:
[1.217s] [01m[K/home/corey/uumotor-servo-motor-driver-ros2/src/uumotor_servo_motor_driver/include/uumotor_servo_motor_driver/commands.h:28:14:[m[K [01;36m[Knote: [m[Kcandidate is: â€˜[01m[Kuint8_t* Commands::set_control_mode(uint8_t*, int, std::string)[m[Kâ€™
[1.217s]    28 |     uint8_t* [01;36m[Kset_control_mode[m[K(uint8_t *command, int motor, std::string mode);
[1.217s]       |              [01;36m[K^~~~~~~~~~~~~~~~[m[K
[1.217s] [01m[K/home/corey/uumotor-servo-motor-driver-ros2/src/uumotor_servo_motor_driver/include/uumotor_servo_motor_driver/commands.h:10:7:[m[K [01;36m[Knote: [m[Kâ€˜[01m[Kclass Commands[m[Kâ€™ defined here
[1.217s]    10 | class [01;36m[KCommands[m[K
[1.217s]       |       [01;36m[K^~~~~~~~[m[K
[1.220s] [01m[K/home/corey/uumotor-servo-motor-driver-ros2/src/uumotor_servo_motor_driver/src/commands.cpp:29:44:[m[K [01;31m[Kerror: [m[Kexpected â€˜[01m[K,[m[Kâ€™ or â€˜[01m[K...[m[Kâ€™ before â€˜[01m[K*[m[Kâ€™ token
[1.220s]    29 | void Commands::set_control_mode(uint8_t[8] [01;31m[K*[m[Kcommand, int motor, std::string mode)
[1.220s]       |                                            [01;31m[K^[m[K
[1.220s] [01m[K/home/corey/uumotor-servo-motor-driver-ros2/src/uumotor_servo_motor_driver/src/commands.cpp:29:6:[m[K [01;31m[Kerror: [m[Kno declaration matches â€˜[01m[Kvoid Commands::set_control_mode(uint8_t*)[m[Kâ€™
[1.220s]    29 | void [01;31m[KCommands[m[K::set_control_mode(uint8_t[8] *command, int motor, std::string mode)
[1.220s]       |      [01;31m[K^~~~~~~~[m[K
[1.220s] In file included from [01m[K/home/corey/uumotor-servo-motor-driver-ros2/src/uumotor_servo_motor_driver/src/commands.cpp:1[m[K:
[1.221s] [01m[K/home/corey/uumotor-servo-motor-driver-ros2/src/uumotor_servo_motor_driver/include/uumotor_servo_motor_driver/commands.h:28:14:[m[K [01;36m[Knote: [m[Kcandidate is: â€˜[01m[Kuint8_t* Commands::set_control_mode(uint8_t*, int, std::string)[m[Kâ€™
[1.221s]    28 |     uint8_t* [01;36m[Kset_control_mode[m[K(uint8_t *command, int motor, std::string mode);
[1.221s]       |              [01;36m[K^~~~~~~~~~~~~~~~[m[K
[1.221s] [01m[K/home/corey/uumotor-servo-motor-driver-ros2/src/uumotor_servo_motor_driver/include/uumotor_servo_motor_driver/commands.h:10:7:[m[K [01;36m[Knote: [m[Kâ€˜[01m[Kclass Commands[m[Kâ€™ defined here
[1.221s]    10 | class [01;36m[KCommands[m[K
[1.221s]       |       [01;36m[K^~~~~~~~[m[K
[1.665s] make[2]: *** [CMakeFiles/cmd.dir/build.make:76: CMakeFiles/cmd.dir/src/commands.cpp.o] Error 1
[1.665s] make[1]: *** [CMakeFiles/Makefile2:222: CMakeFiles/cmd.dir/all] Error 2
[1.665s] make[1]: *** Waiting for unfinished jobs....
[1.673s] make[2]: *** [CMakeFiles/uumotor_servo_motor_driver.dir/build.make:76: CMakeFiles/uumotor_servo_motor_driver.dir/src/commands.cpp.o] Error 1
[1.673s] make[1]: *** [CMakeFiles/Makefile2:143: CMakeFiles/uumotor_servo_motor_driver.dir/all] Error 2
[1.673s] make: *** [Makefile:146: all] Error 2
[1.677s] Invoked command in '/home/corey/uumotor-servo-motor-driver-ros2/build/uumotor_servo_motor_driver' returned '2': CMAKE_PREFIX_PATH=${CMAKE_PREFIX_PATH}:/opt/ros/galactic /home/corey/.local/bin/cmake --build /home/corey/uumotor-servo-motor-driver-ros2/build/uumotor_servo_motor_driver -- -j16 -l16
