[0.012s] Invoking command in '/home/corey/uumotor-servo-motor-driver-ros2/build/uumotor_servo_motor_driver': CMAKE_PREFIX_PATH=${CMAKE_PREFIX_PATH}:/home/corey/uumotor-servo-motor-driver-ros2/install/serial:/opt/ros/galactic /home/corey/.local/bin/cmake --build /home/corey/uumotor-servo-motor-driver-ros2/build/uumotor_servo_motor_driver -- -j16 -l16
[0.045s] [ 20%] [32mBuilding CXX object CMakeFiles/uumotor_servo_motor_driver.dir/src/functions.cpp.o[0m
[0.051s] [ 40%] [32mBuilding CXX object CMakeFiles/driver.dir/src/test_node.cpp.o[0m
[0.145s] [01m[K/home/corey/uumotor-servo-motor-driver-ros2/src/uumotor_servo_motor_driver/src/functions.cpp:[m[K In function â€˜[01m[Kshort unsigned int CRC16(unsigned char*, short unsigned int)[m[Kâ€™:
[0.145s] [01m[K/home/corey/uumotor-servo-motor-driver-ros2/src/uumotor_servo_motor_driver/src/functions.cpp:14:31:[m[K [01;31m[Kerror: [m[Kâ€˜[01m[KauchCRCHi[m[Kâ€™ was not declared in this scope; did you mean â€˜[01m[KuchCRCHi[m[Kâ€™?
[0.145s]    14 |         uchCRCHi = uchCRCLo ^ [01;31m[KauchCRCHi[m[K[uIndex] ;
[0.145s]       |                               [01;31m[K^~~~~~~~~[m[K
[0.145s]       |                               [32m[KuchCRCHi[m[K
[0.145s] [01m[K/home/corey/uumotor-servo-motor-driver-ros2/src/uumotor_servo_motor_driver/src/functions.cpp:15:20:[m[K [01;31m[Kerror: [m[Kâ€˜[01m[KauchCRCLo[m[Kâ€™ was not declared in this scope; did you mean â€˜[01m[KuchCRCLo[m[Kâ€™?
[0.146s]    15 |         uchCRCLo = [01;31m[KauchCRCLo[m[K[uIndex] ;
[0.146s]       |                    [01;31m[K^~~~~~~~~[m[K
[0.146s]       |                    [32m[KuchCRCLo[m[K
[0.163s] make[2]: *** [CMakeFiles/uumotor_servo_motor_driver.dir/build.make:90: CMakeFiles/uumotor_servo_motor_driver.dir/src/functions.cpp.o] Error 1
[0.163s] make[1]: *** [CMakeFiles/Makefile2:139: CMakeFiles/uumotor_servo_motor_driver.dir/all] Error 2
[0.164s] make[1]: *** Waiting for unfinished jobs....
[1.715s] [ 60%] [32m[1mLinking CXX executable driver[0m
[1.777s] /usr/bin/ld: CMakeFiles/driver.dir/src/test_node.cpp.o: in function `main':
[1.777s] test_node.cpp:(.text+0x16b): undefined reference to `Functions::CRC16(unsigned char*, unsigned short)'
[1.777s] collect2: error: ld returned 1 exit status
[1.777s] make[2]: *** [CMakeFiles/driver.dir/build.make:145: driver] Error 1
[1.777s] make[1]: *** [CMakeFiles/Makefile2:165: CMakeFiles/driver.dir/all] Error 2
[1.778s] make: *** [Makefile:146: all] Error 2
[1.781s] Invoked command in '/home/corey/uumotor-servo-motor-driver-ros2/build/uumotor_servo_motor_driver' returned '2': CMAKE_PREFIX_PATH=${CMAKE_PREFIX_PATH}:/home/corey/uumotor-servo-motor-driver-ros2/install/serial:/opt/ros/galactic /home/corey/.local/bin/cmake --build /home/corey/uumotor-servo-motor-driver-ros2/build/uumotor_servo_motor_driver -- -j16 -l16
