[0.139s] Invoking command in '/home/corey/uumotor-servo-motor-driver-ros2/build/uumotor_servo_motor_driver': CMAKE_PREFIX_PATH=${CMAKE_PREFIX_PATH}:/opt/ros/galactic /home/corey/.local/bin/cmake --build /home/corey/uumotor-servo-motor-driver-ros2/build/uumotor_servo_motor_driver -- -j16 -l16
[0.172s] [ 18%] Built target fun
[0.173s] [ 36%] Built target cmd
[0.174s] [ 63%] Built target uumotor_servo_motor_driver
[0.189s] [ 72%] [32mBuilding CXX object CMakeFiles/driver.dir/src/test_node.cpp.o[0m
[1.345s] [01m[K/home/corey/uumotor-servo-motor-driver-ros2/src/uumotor_servo_motor_driver/src/test_node.cpp:34:37:[m[K [01;31m[Kerror: [m[Kexpected identifier before â€˜[01m[K[[m[Kâ€™ token
[1.345s]    34 |         std::thread monitor_thread ([01;31m[K[[m[Kthis,]{monitor();});
[1.346s]       |                                     [01;31m[K^[m[K
[1.346s] [01m[K/home/corey/uumotor-servo-motor-driver-ros2/src/uumotor_servo_motor_driver/src/test_node.cpp:34:38:[m[K [01;31m[Kerror: [m[Kinvalid use of â€˜[01m[Kthis[m[Kâ€™ at top level
[1.346s]    34 |         std::thread monitor_thread ([[01;31m[Kthis[m[K,]{monitor();});
[1.346s]       |                                      [01;31m[K^~~~[m[K
[1.346s] [01m[K/home/corey/uumotor-servo-motor-driver-ros2/src/uumotor_servo_motor_driver/src/test_node.cpp:34:42:[m[K [01;31m[Kerror: [m[Kexpected â€˜[01m[K][m[Kâ€™ before â€˜[01m[K,[m[Kâ€™ token
[1.346s]    34 |         std::thread monitor_thread ([this[01;31m[K,[m[K]{monitor();});
[1.346s]       |                                          [01;31m[K^[m[K
[1.346s]       |                                          [32m[K][m[K
[1.346s] [01m[K/home/corey/uumotor-servo-motor-driver-ros2/src/uumotor_servo_motor_driver/src/test_node.cpp:34:42:[m[K [01;31m[Kerror: [m[Kexpected â€˜[01m[K)[m[Kâ€™ before â€˜[01m[K,[m[Kâ€™ token
[1.346s]    34 |         std::thread monitor_thread [34m[K([m[K[this[01;31m[K,[m[K]{monitor();});
[1.346s]       |                                    [34m[K~[m[K     [01;31m[K^[m[K
[1.346s]       |                                          [32m[K)[m[K
[1.346s] [01m[K/home/corey/uumotor-servo-motor-driver-ros2/src/uumotor_servo_motor_driver/src/test_node.cpp:34:43:[m[K [01;31m[Kerror: [m[Kexpected unqualified-id before â€˜[01m[K][m[Kâ€™ token
[1.346s]    34 |         std::thread monitor_thread ([this,[01;31m[K][m[K{monitor();});
[1.346s]       |                                           [01;31m[K^[m[K
[1.346s] [01m[K/home/corey/uumotor-servo-motor-driver-ros2/src/uumotor_servo_motor_driver/src/test_node.cpp:34:56:[m[K [01;31m[Kerror: [m[Kexpected unqualified-id before â€˜[01m[K)[m[Kâ€™ token
[1.346s]    34 |         std::thread monitor_thread ([this,]{monitor();}[01;31m[K)[m[K;
[1.346s]       |                                                        [01;31m[K^[m[K
[1.796s] make[2]: *** [CMakeFiles/driver.dir/build.make:76: CMakeFiles/driver.dir/src/test_node.cpp.o] Error 1
[1.796s] make[1]: *** [CMakeFiles/Makefile2:170: CMakeFiles/driver.dir/all] Error 2
[1.796s] make: *** [Makefile:146: all] Error 2
[1.800s] Invoked command in '/home/corey/uumotor-servo-motor-driver-ros2/build/uumotor_servo_motor_driver' returned '2': CMAKE_PREFIX_PATH=${CMAKE_PREFIX_PATH}:/opt/ros/galactic /home/corey/.local/bin/cmake --build /home/corey/uumotor-servo-motor-driver-ros2/build/uumotor_servo_motor_driver -- -j16 -l16
