[0.006s] Invoking command in '/home/corey/uumotor-servo-motor-driver-ros2/build/uumotor_servo_motor_driver': CMAKE_PREFIX_PATH=${CMAKE_PREFIX_PATH}:/opt/ros/galactic /usr/bin/cmake --build /home/corey/uumotor-servo-motor-driver-ros2/build/uumotor_servo_motor_driver -- -j32 -l32
[0.033s] [ 18%] Built target fun
[0.035s] [ 36%] Built target cmd
[0.036s] [ 63%] Built target uumotor_servo_motor_driver
[0.042s] [35m[1mScanning dependencies of target driver[0m
[0.058s] [ 72%] [32mBuilding CXX object CMakeFiles/driver.dir/src/test_node.cpp.o[0m
[0.727s] In file included from [01m[K/home/corey/uumotor-servo-motor-driver-ros2/src/uumotor_servo_motor_driver/src/test_node.cpp:8[m[K:
[0.727s] [01m[K/home/corey/uumotor-servo-motor-driver-ros2/src/uumotor_servo_motor_driver/include/uumotor_servo_motor_driver/controller.hpp:[m[K In member function â€˜[01m[Kvoid Controller::monitor()[m[Kâ€™:
[0.727s] [01m[K/home/corey/uumotor-servo-motor-driver-ros2/src/uumotor_servo_motor_driver/include/uumotor_servo_motor_driver/controller.hpp:148:18:[m[K [01;35m[Kwarning: [m[Kvariable â€˜[01m[Kencoder_val[m[Kâ€™ set but not used [[01;35m[K-Wunused-but-set-variable[m[K]
[0.727s]   148 |             long [01;35m[Kencoder_val[m[K;
[0.727s]       |                  [01;35m[K^~~~~~~~~~~[m[K
[0.728s] [01m[K/home/corey/uumotor-servo-motor-driver-ros2/src/uumotor_servo_motor_driver/src/test_node.cpp:[m[K In function â€˜[01m[Kint main(int, char**)[m[Kâ€™:
[0.728s] [01m[K/home/corey/uumotor-servo-motor-driver-ros2/src/uumotor_servo_motor_driver/src/test_node.cpp:38:38:[m[K [01;31m[Kerror: [m[Kexpected â€˜[01m[K([m[Kâ€™ before â€˜[01m[Kb[m[Kâ€™
[0.728s]    38 |         std::cout << static_cast<int>[01;31m[Kb[m[K;
[0.728s]       |                                      [01;31m[K^[m[K
[0.728s]       |                                      [32m[K([m[K
[0.728s] [01m[K/home/corey/uumotor-servo-motor-driver-ros2/src/uumotor_servo_motor_driver/src/test_node.cpp:38:39:[m[K [01;31m[Kerror: [m[Kexpected â€˜[01m[K)[m[Kâ€™ before â€˜[01m[K;[m[Kâ€™ token
[0.728s]    38 |         std::cout << static_cast<int>b[01;31m[K;[m[K
[0.728s]       |                                       [01;31m[K^[m[K
[0.728s]       |                                       [32m[K)[m[K
[0.728s] [01m[K/home/corey/uumotor-servo-motor-driver-ros2/src/uumotor_servo_motor_driver/src/test_node.cpp:38:39:[m[K [01;31m[Kerror: [m[Kinvalid static_cast from type â€˜[01m[Kstd::vector<unsigned char, std::allocator<unsigned char> >[m[Kâ€™ to type â€˜[01m[Kint[m[Kâ€™
[0.728s] [01m[K/home/corey/uumotor-servo-motor-driver-ros2/src/uumotor_servo_motor_driver/src/test_node.cpp:37:16:[m[K [01;35m[Kwarning: [m[Kunused variable â€˜[01m[Ka[m[Kâ€™ [[01;35m[K-Wunused-variable[m[K]
[0.728s]    37 |      for (auto [01;35m[Ka[m[K : b){
[0.728s]       |                [01;35m[K^[m[K
[1.012s] make[2]: *** [CMakeFiles/driver.dir/build.make:63: CMakeFiles/driver.dir/src/test_node.cpp.o] Error 1
[1.012s] make[1]: *** [CMakeFiles/Makefile2:166: CMakeFiles/driver.dir/all] Error 2
[1.012s] make: *** [Makefile:141: all] Error 2
[1.015s] Invoked command in '/home/corey/uumotor-servo-motor-driver-ros2/build/uumotor_servo_motor_driver' returned '2': CMAKE_PREFIX_PATH=${CMAKE_PREFIX_PATH}:/opt/ros/galactic /usr/bin/cmake --build /home/corey/uumotor-servo-motor-driver-ros2/build/uumotor_servo_motor_driver -- -j32 -l32
