[0.012s] Invoking command in '/home/corey/uumotor-servo-motor-driver-ros2/build/uumotor_servo_motor_driver': CMAKE_PREFIX_PATH=${CMAKE_PREFIX_PATH}:/home/corey/uumotor-servo-motor-driver-ros2/install/serial:/opt/ros/galactic /home/corey/.local/bin/cmake --build /home/corey/uumotor-servo-motor-driver-ros2/build/uumotor_servo_motor_driver -- -j16 -l16
[0.043s] [ 60%] Built target uumotor_servo_motor_driver
[0.049s] [ 80%] [32mBuilding CXX object CMakeFiles/driver.dir/src/test_node.cpp.o[0m
[1.176s] [01m[K/home/corey/uumotor-servo-motor-driver-ros2/src/uumotor_servo_motor_driver/src/test_node.cpp:[m[K In function â€˜[01m[Kint main(int, char**)[m[Kâ€™:
[1.176s] [01m[K/home/corey/uumotor-servo-motor-driver-ros2/src/uumotor_servo_motor_driver/src/test_node.cpp:41:27:[m[K [01;31m[Kerror: [m[Kâ€˜[01m[Kstr[m[Kâ€™ was not declared in this scope; did you mean â€˜[01m[Kstd[m[Kâ€™?
[1.176s]    41 |     int str_len = sprintf([01;31m[Kstr[m[K, "%d", crc);
[1.176s]       |                           [01;31m[K^~~[m[K
[1.176s]       |                           [32m[Kstd[m[K
[1.176s] [01m[K/home/corey/uumotor-servo-motor-driver-ros2/src/uumotor_servo_motor_driver/src/test_node.cpp:43:24:[m[K [01;31m[Kerror: [m[Kinvalid initialization of reference of type â€˜[01m[Kconst string&[m[Kâ€™ {aka â€˜[01m[Kconst std::__cxx11::basic_string<char>&[m[Kâ€™} from expression of type â€˜[01m[Kint[m[Kâ€™
[1.176s]    43 |     rclcpp::get_logger([01;31m[Kstr_len[m[K);
[1.176s]       |                        [01;31m[K^~~~~~~[m[K
[1.176s] In file included from [01m[K/opt/ros/galactic/include/rclcpp/logging.hpp:23[m[K,
[1.177s]                  from [01m[K/opt/ros/galactic/include/rclcpp/service.hpp:34[m[K,
[1.177s]                  from [01m[K/opt/ros/galactic/include/rclcpp/callback_group.hpp:25[m[K,
[1.177s]                  from [01m[K/opt/ros/galactic/include/rclcpp/any_executable.hpp:20[m[K,
[1.177s]                  from [01m[K/opt/ros/galactic/include/rclcpp/memory_strategy.hpp:25[m[K,
[1.177s]                  from [01m[K/opt/ros/galactic/include/rclcpp/memory_strategies.hpp:18[m[K,
[1.177s]                  from [01m[K/opt/ros/galactic/include/rclcpp/executor_options.hpp:20[m[K,
[1.177s]                  from [01m[K/opt/ros/galactic/include/rclcpp/executor.hpp:36[m[K,
[1.177s]                  from [01m[K/opt/ros/galactic/include/rclcpp/executors/multi_threaded_executor.hpp:26[m[K,
[1.177s]                  from [01m[K/opt/ros/galactic/include/rclcpp/executors.hpp:21[m[K,
[1.177s]                  from [01m[K/opt/ros/galactic/include/rclcpp/rclcpp.hpp:156[m[K,
[1.177s]                  from [01m[K/home/corey/uumotor-servo-motor-driver-ros2/src/uumotor_servo_motor_driver/src/test_node.cpp:9[m[K:
[1.177s] [01m[K/opt/ros/galactic/include/rclcpp/logger.hpp:65:32:[m[K [01;36m[Knote: [m[Kin passing argument 1 of â€˜[01m[Krclcpp::Logger rclcpp::get_logger(const string&)[m[Kâ€™
[1.177s]    65 | get_logger([01;36m[Kconst std::string & name[m[K);
[1.177s]       |            [01;36m[K~~~~~~~~~~~~~~~~~~~~^~~~[m[K
[1.178s] [01m[K/home/corey/uumotor-servo-motor-driver-ros2/src/uumotor_servo_motor_driver/src/test_node.cpp:36:13:[m[K [01;35m[Kwarning: [m[Kunused variable â€˜[01m[Kval[m[Kâ€™ [[01;35m[K-Wunused-variable[m[K]
[1.178s]    36 |     uint8_t [01;35m[Kval[m[K[6];
[1.178s]       |             [01;35m[K^~~[m[K
[1.627s] make[2]: *** [CMakeFiles/driver.dir/build.make:76: CMakeFiles/driver.dir/src/test_node.cpp.o] Error 1
[1.627s] make[1]: *** [CMakeFiles/Makefile2:165: CMakeFiles/driver.dir/all] Error 2
[1.627s] make: *** [Makefile:146: all] Error 2
[1.631s] Invoked command in '/home/corey/uumotor-servo-motor-driver-ros2/build/uumotor_servo_motor_driver' returned '2': CMAKE_PREFIX_PATH=${CMAKE_PREFIX_PATH}:/home/corey/uumotor-servo-motor-driver-ros2/install/serial:/opt/ros/galactic /home/corey/.local/bin/cmake --build /home/corey/uumotor-servo-motor-driver-ros2/build/uumotor_servo_motor_driver -- -j16 -l16
