[0.013s] Invoking command in '/home/corey/uumotor-servo-motor-driver-ros2/build/uumotor_servo_motor_driver': CMAKE_PREFIX_PATH=${CMAKE_PREFIX_PATH}:/opt/ros/galactic /home/corey/.local/bin/cmake --build /home/corey/uumotor-servo-motor-driver-ros2/build/uumotor_servo_motor_driver -- -j16 -l16
[0.043s] [ 18%] Built target fun
[0.049s] [ 27%] [32mBuilding CXX object CMakeFiles/cmd.dir/src/commands.cpp.o[0m
[0.050s] [ 36%] [32mBuilding CXX object CMakeFiles/uumotor_servo_motor_driver.dir/src/commands.cpp.o[0m
[1.208s] [01m[K/home/corey/uumotor-servo-motor-driver-ros2/src/uumotor_servo_motor_driver/src/commands.cpp:[m[K In member function â€˜[01m[Kstd::vector<unsigned char> Commands::set_control_mode(int, std::string)[m[Kâ€™:
[1.208s] [01m[K/home/corey/uumotor-servo-motor-driver-ros2/src/uumotor_servo_motor_driver/src/commands.cpp:31:17:[m[K [01;31m[Kerror: [m[Kâ€˜[01m[Kuint8[m[Kâ€™ was not declared in this scope; did you mean â€˜[01m[Kuint[m[Kâ€™?
[1.208s]    31 |     std::vector<[01;31m[Kuint8[m[K> command = {0xFF, 0xFF, 0xFF, 0xFF, 0xFF, 0xFF, 0xFF, 0xFF};
[1.208s]       |                 [01;31m[K^~~~~[m[K
[1.209s]       |                 [32m[Kuint[m[K
[1.209s] [01m[K/home/corey/uumotor-servo-motor-driver-ros2/src/uumotor_servo_motor_driver/src/commands.cpp:31:22:[m[K [01;31m[Kerror: [m[Ktemplate argument 1 is invalid
[1.209s]    31 |     std::vector<uint8[01;31m[K>[m[K command = {0xFF, 0xFF, 0xFF, 0xFF, 0xFF, 0xFF, 0xFF, 0xFF};
[1.209s]       |                      [01;31m[K^[m[K
[1.209s] [01m[K/home/corey/uumotor-servo-motor-driver-ros2/src/uumotor_servo_motor_driver/src/commands.cpp:31:22:[m[K [01;31m[Kerror: [m[Ktemplate argument 2 is invalid
[1.209s] [01m[K/home/corey/uumotor-servo-motor-driver-ros2/src/uumotor_servo_motor_driver/src/commands.cpp:31:24:[m[K [01;31m[Kerror: [m[Kscalar object â€˜[01m[Kcommand[m[Kâ€™ requires one element in initializer
[1.209s]    31 |     std::vector<uint8> [01;31m[Kcommand[m[K = {0xFF, 0xFF, 0xFF, 0xFF, 0xFF, 0xFF, 0xFF, 0xFF};
[1.209s]       |                        [01;31m[K^~~~~~~[m[K
[1.237s] [01m[K/home/corey/uumotor-servo-motor-driver-ros2/src/uumotor_servo_motor_driver/src/commands.cpp:[m[K In member function â€˜[01m[Kstd::vector<unsigned char> Commands::set_control_mode(int, std::string)[m[Kâ€™:
[1.237s] [01m[K/home/corey/uumotor-servo-motor-driver-ros2/src/uumotor_servo_motor_driver/src/commands.cpp:31:17:[m[K [01;31m[Kerror: [m[Kâ€˜[01m[Kuint8[m[Kâ€™ was not declared in this scope; did you mean â€˜[01m[Kuint[m[Kâ€™?
[1.237s]    31 |     std::vector<[01;31m[Kuint8[m[K> command = {0xFF, 0xFF, 0xFF, 0xFF, 0xFF, 0xFF, 0xFF, 0xFF};
[1.237s]       |                 [01;31m[K^~~~~[m[K
[1.237s]       |                 [32m[Kuint[m[K
[1.237s] [01m[K/home/corey/uumotor-servo-motor-driver-ros2/src/uumotor_servo_motor_driver/src/commands.cpp:31:22:[m[K [01;31m[Kerror: [m[Ktemplate argument 1 is invalid
[1.237s]    31 |     std::vector<uint8[01;31m[K>[m[K command = {0xFF, 0xFF, 0xFF, 0xFF, 0xFF, 0xFF, 0xFF, 0xFF};
[1.238s]       |                      [01;31m[K^[m[K
[1.238s] [01m[K/home/corey/uumotor-servo-motor-driver-ros2/src/uumotor_servo_motor_driver/src/commands.cpp:31:22:[m[K [01;31m[Kerror: [m[Ktemplate argument 2 is invalid
[1.238s] [01m[K/home/corey/uumotor-servo-motor-driver-ros2/src/uumotor_servo_motor_driver/src/commands.cpp:31:24:[m[K [01;31m[Kerror: [m[Kscalar object â€˜[01m[Kcommand[m[Kâ€™ requires one element in initializer
[1.238s]    31 |     std::vector<uint8> [01;31m[Kcommand[m[K = {0xFF, 0xFF, 0xFF, 0xFF, 0xFF, 0xFF, 0xFF, 0xFF};
[1.238s]       |                        [01;31m[K^~~~~~~[m[K
[1.662s] make[2]: *** [CMakeFiles/cmd.dir/build.make:76: CMakeFiles/cmd.dir/src/commands.cpp.o] Error 1
[1.662s] make[1]: *** [CMakeFiles/Makefile2:222: CMakeFiles/cmd.dir/all] Error 2
[1.662s] make[1]: *** Waiting for unfinished jobs....
[1.688s] make[2]: *** [CMakeFiles/uumotor_servo_motor_driver.dir/build.make:76: CMakeFiles/uumotor_servo_motor_driver.dir/src/commands.cpp.o] Error 1
[1.688s] make[1]: *** [CMakeFiles/Makefile2:143: CMakeFiles/uumotor_servo_motor_driver.dir/all] Error 2
[1.688s] make: *** [Makefile:146: all] Error 2
[1.692s] Invoked command in '/home/corey/uumotor-servo-motor-driver-ros2/build/uumotor_servo_motor_driver' returned '2': CMAKE_PREFIX_PATH=${CMAKE_PREFIX_PATH}:/opt/ros/galactic /home/corey/.local/bin/cmake --build /home/corey/uumotor-servo-motor-driver-ros2/build/uumotor_servo_motor_driver -- -j16 -l16
