[0.007s] Invoking command in '/home/corey/uumotor-servo-motor-driver-ros2/build/uumotor_servo_motor_driver': CMAKE_PREFIX_PATH=${CMAKE_PREFIX_PATH}:/opt/ros/galactic /usr/bin/cmake --build /home/corey/uumotor-servo-motor-driver-ros2/build/uumotor_servo_motor_driver -- -j32 -l32
[0.029s] [35m[1mScanning dependencies of target fun[0m
[0.029s] [35m[1mScanning dependencies of target cmd[0m
[0.030s] [35m[1mScanning dependencies of target uumotor_servo_motor_driver[0m
[0.034s] [  9%] [32mBuilding CXX object CMakeFiles/fun.dir/src/functions.cpp.o[0m
[0.043s] [ 18%] [32mBuilding CXX object CMakeFiles/cmd.dir/src/commands.cpp.o[0m
[0.043s] [ 27%] [32mBuilding CXX object CMakeFiles/uumotor_servo_motor_driver.dir/src/commands.cpp.o[0m
[0.044s] [ 36%] [32mBuilding CXX object CMakeFiles/uumotor_servo_motor_driver.dir/src/functions.cpp.o[0m
[0.125s] [01m[K/home/corey/uumotor-servo-motor-driver-ros2/src/uumotor_servo_motor_driver/src/functions.cpp:[m[K In member function â€˜[01m[Kstd::vector<unsigned char> Functions::int2hex(int, int, bool)[m[Kâ€™:
[0.125s] [01m[K/home/corey/uumotor-servo-motor-driver-ros2/src/uumotor_servo_motor_driver/src/functions.cpp:94:82:[m[K [01;31m[Kerror: [m[Kinvalid operands of types â€˜[01m[Kdouble[m[Kâ€™ and â€˜[01m[Kint[m[Kâ€™ to binary â€˜[01m[Koperator&[m[Kâ€™
[0.125s]    94 |         actual = static_cast<int>([32m[Kmap_range(value, -range, range, -32768, 32767)[m[K [01;31m[K&[m[K [34m[K0xFFFF[m[K);
[0.125s]       |                                   [32m[K~~~~~~~~~~~~~~~~~~~~~~~~~~~~~~~~~~~~~~~~~~~~~~[m[K [01;31m[K^[m[K [34m[K~~~~~~[m[K
[0.125s]       |                                            [32m[K|[m[K                                       [34m[K|[m[K
[0.125s]       |                                            [32m[Kdouble[m[K                                  [34m[Kint[m[K
[0.141s] make[2]: *** [CMakeFiles/fun.dir/build.make:63: CMakeFiles/fun.dir/src/functions.cpp.o] Error 1
[0.141s] make[1]: *** [CMakeFiles/Makefile2:111: CMakeFiles/fun.dir/all] Error 2
[0.141s] make[1]: *** Waiting for unfinished jobs....
[0.152s] [01m[K/home/corey/uumotor-servo-motor-driver-ros2/src/uumotor_servo_motor_driver/src/functions.cpp:[m[K In member function â€˜[01m[Kstd::vector<unsigned char> Functions::int2hex(int, int, bool)[m[Kâ€™:
[0.153s] [01m[K/home/corey/uumotor-servo-motor-driver-ros2/src/uumotor_servo_motor_driver/src/functions.cpp:94:82:[m[K [01;31m[Kerror: [m[Kinvalid operands of types â€˜[01m[Kdouble[m[Kâ€™ and â€˜[01m[Kint[m[Kâ€™ to binary â€˜[01m[Koperator&[m[Kâ€™
[0.153s]    94 |         actual = static_cast<int>([32m[Kmap_range(value, -range, range, -32768, 32767)[m[K [01;31m[K&[m[K [34m[K0xFFFF[m[K);
[0.153s]       |                                   [32m[K~~~~~~~~~~~~~~~~~~~~~~~~~~~~~~~~~~~~~~~~~~~~~~[m[K [01;31m[K^[m[K [34m[K~~~~~~[m[K
[0.153s]       |                                            [32m[K|[m[K                                       [34m[K|[m[K
[0.153s]       |                                            [32m[Kdouble[m[K                                  [34m[Kint[m[K
[0.170s] make[2]: *** [CMakeFiles/uumotor_servo_motor_driver.dir/build.make:76: CMakeFiles/uumotor_servo_motor_driver.dir/src/functions.cpp.o] Error 1
[0.170s] make[2]: *** Waiting for unfinished jobs....
[1.122s] make[1]: *** [CMakeFiles/Makefile2:138: CMakeFiles/uumotor_servo_motor_driver.dir/all] Error 2
[1.123s] [ 45%] [32m[1mLinking CXX static library libcmd.a[0m
[1.138s] [ 45%] Built target cmd
[1.139s] make: *** [Makefile:141: all] Error 2
[1.140s] Invoked command in '/home/corey/uumotor-servo-motor-driver-ros2/build/uumotor_servo_motor_driver' returned '2': CMAKE_PREFIX_PATH=${CMAKE_PREFIX_PATH}:/opt/ros/galactic /usr/bin/cmake --build /home/corey/uumotor-servo-motor-driver-ros2/build/uumotor_servo_motor_driver -- -j32 -l32
