[0.013s] Invoking command in '/home/corey/uumotor-servo-motor-driver-ros2/build/uumotor_servo_motor_driver': CMAKE_PREFIX_PATH=${CMAKE_PREFIX_PATH}:/home/corey/uumotor-servo-motor-driver-ros2/install/serial:/opt/ros/galactic /home/corey/.local/bin/cmake --build /home/corey/uumotor-servo-motor-driver-ros2/build/uumotor_servo_motor_driver -- -j16 -l16
[0.046s] [ 20%] [32mBuilding CXX object CMakeFiles/uumotor_servo_motor_driver.dir/src/functions.cpp.o[0m
[0.051s] [ 40%] [32mBuilding CXX object CMakeFiles/driver.dir/src/test_node.cpp.o[0m
[0.145s] [01m[K/home/corey/uumotor-servo-motor-driver-ros2/src/uumotor_servo_motor_driver/src/functions.cpp:[m[K In function â€˜[01m[Kunsigned char CRC16(unsigned char*, int)[m[Kâ€™:
[0.145s] [01m[K/home/corey/uumotor-servo-motor-driver-ros2/src/uumotor_servo_motor_driver/src/functions.cpp:7:25:[m[K [01;35m[Kwarning: [m[Kunsigned conversion from â€˜[01m[Kint[m[Kâ€™ to â€˜[01m[Kunsigned char[m[Kâ€™ changes value from â€˜[01m[K65535[m[Kâ€™ to â€˜[01m[K255[m[Kâ€™ [[01;35m[K-Woverflow[m[K]
[0.145s]     7 |     unsigned char crc = [01;35m[K0xFFFF[m[K;
[0.145s]       |                         [01;35m[K^~~~~~[m[K
[0.145s] [01m[K/home/corey/uumotor-servo-motor-driver-ros2/src/uumotor_servo_motor_driver/src/functions.cpp:8:32:[m[K [01;35m[Kwarning: [m[Kunsigned conversion from â€˜[01m[Kint[m[Kâ€™ to â€˜[01m[Kunsigned char[m[Kâ€™ changes value from â€˜[01m[K40961[m[Kâ€™ to â€˜[01m[K1[m[Kâ€™ [[01;35m[K-Woverflow[m[K]
[0.145s]     8 |     unsigned char polynomial = [01;35m[K0xA001[m[K;
[0.145s]       |                                [01;35m[K^~~~~~[m[K
[0.170s] [ 60%] [32m[1mLinking CXX shared library libuumotor_servo_motor_driver.so[0m
[0.203s] [ 80%] Built target uumotor_servo_motor_driver
[1.723s] [100%] [32m[1mLinking CXX executable driver[0m
[1.786s] /usr/bin/ld: CMakeFiles/driver.dir/src/test_node.cpp.o: in function `main':
[1.786s] test_node.cpp:(.text+0x16b): undefined reference to `Functions::CRC16(unsigned char*, unsigned short)'
[1.786s] collect2: error: ld returned 1 exit status
[1.787s] make[2]: *** [CMakeFiles/driver.dir/build.make:145: driver] Error 1
[1.787s] make[1]: *** [CMakeFiles/Makefile2:165: CMakeFiles/driver.dir/all] Error 2
[1.787s] make: *** [Makefile:146: all] Error 2
[1.790s] Invoked command in '/home/corey/uumotor-servo-motor-driver-ros2/build/uumotor_servo_motor_driver' returned '2': CMAKE_PREFIX_PATH=${CMAKE_PREFIX_PATH}:/home/corey/uumotor-servo-motor-driver-ros2/install/serial:/opt/ros/galactic /home/corey/.local/bin/cmake --build /home/corey/uumotor-servo-motor-driver-ros2/build/uumotor_servo_motor_driver -- -j16 -l16
