[0.019s] Invoking command in '/home/corey/uumotor-servo-motor-driver-ros2/build/uumotor_servo_motor_driver': CMAKE_PREFIX_PATH=/opt/ros/galactic /home/corey/.local/bin/cmake --build /home/corey/uumotor-servo-motor-driver-ros2/build/uumotor_servo_motor_driver -- -j16 -l16
[0.056s] [ 16%] [32mBuilding CXX object CMakeFiles/driver.dir/src/test.cpp.o[0m
[0.061s] [ 33%] [32mBuilding CXX object CMakeFiles/uumotor_servo_motor_driver.dir/src/test.cpp.o[0m
[0.063s] [01m[K/home/corey/uumotor-servo-motor-driver-ros2/src/uumotor_servo_motor_driver/src/test.cpp:1:10:[m[K [01;31m[Kfatal error: [m[Kuumotor_servo_motor_driver/functions.h: No such file or directory
[0.063s]     1 | #include [01;31m[K"uumotor_servo_motor_driver/functions.h"[m[K
[0.063s]       |          [01;31m[K^~~~~~~~~~~~~~~~~~~~~~~~~~~~~~~~~~~~~~~~[m[K
[0.063s] compilation terminated.
[0.064s] make[2]: *** [CMakeFiles/driver.dir/build.make:76: CMakeFiles/driver.dir/src/test.cpp.o] Error 1
[0.064s] make[1]: *** [CMakeFiles/Makefile2:165: CMakeFiles/driver.dir/all] Error 2
[0.064s] make[1]: *** Waiting for unfinished jobs....
[0.225s] [01m[K/home/corey/uumotor-servo-motor-driver-ros2/src/uumotor_servo_motor_driver/src/test.cpp:[m[K In function â€˜[01m[Kint main()[m[Kâ€™:
[0.225s] [01m[K/home/corey/uumotor-servo-motor-driver-ros2/src/uumotor_servo_motor_driver/src/test.cpp:12:33:[m[K [01;31m[Kerror: [m[Kinvalid conversion from â€˜[01m[Kconst unsigned char*[m[Kâ€™ to â€˜[01m[Kuint8_t*[m[Kâ€™ {aka â€˜[01m[Kunsigned char*[m[Kâ€™} [[01;31m[K-fpermissive[m[K]
[0.225s]    12 |     uint16_t crc = fun.Calc_Crc([01;31m[Kcmd[m[K, arraySize);
[0.226s]       |                                 [01;31m[K^~~[m[K
[0.226s]       |                                 [01;31m[K|[m[K
[0.226s]       |                                 [01;31m[Kconst unsigned char*[m[K
[0.226s] In file included from [01m[K/home/corey/uumotor-servo-motor-driver-ros2/src/uumotor_servo_motor_driver/src/test.cpp:1[m[K:
[0.226s] [01m[K/home/corey/uumotor-servo-motor-driver-ros2/src/uumotor_servo_motor_driver/include/uumotor_servo_motor_driver/functions.h:18:31:[m[K [01;36m[Knote: [m[K  initializing argument 1 of â€˜[01m[Kuint16_t Functions::Calc_Crc(uint8_t*, uint8_t)[m[Kâ€™
[0.227s]    18 |     uint16_t Calc_Crc([01;36m[Kuint8_t*pack_buff[m[K, uint8_t pack_len);
[0.228s]       |                       [01;36m[K~~~~~~~~^~~~~~~~~[m[K
[0.249s] make[2]: *** [CMakeFiles/uumotor_servo_motor_driver.dir/build.make:104: CMakeFiles/uumotor_servo_motor_driver.dir/src/test.cpp.o] Error 1
[0.250s] make[1]: *** [CMakeFiles/Makefile2:139: CMakeFiles/uumotor_servo_motor_driver.dir/all] Error 2
[0.250s] make: *** [Makefile:146: all] Error 2
[0.253s] Invoked command in '/home/corey/uumotor-servo-motor-driver-ros2/build/uumotor_servo_motor_driver' returned '2': CMAKE_PREFIX_PATH=/opt/ros/galactic /home/corey/.local/bin/cmake --build /home/corey/uumotor-servo-motor-driver-ros2/build/uumotor_servo_motor_driver -- -j16 -l16
