[0.013s] Invoking command in '/home/corey/uumotor-servo-motor-driver-ros2/build/uumotor_servo_motor_driver': CMAKE_PREFIX_PATH=${CMAKE_PREFIX_PATH}:/opt/ros/galactic /home/corey/.local/bin/cmake --build /home/corey/uumotor-servo-motor-driver-ros2/build/uumotor_servo_motor_driver -- -j16 -l16
[0.049s] [ 18%] Built target fun
[0.051s] [ 36%] Built target cmd
[0.051s] [ 63%] Built target uumotor_servo_motor_driver
[0.067s] [ 72%] [32mBuilding CXX object CMakeFiles/driver.dir/src/test_node.cpp.o[0m
[1.296s] In file included from [01m[K/home/corey/uumotor-servo-motor-driver-ros2/src/uumotor_servo_motor_driver/src/test_node.cpp:12[m[K:
[1.296s] [01m[K/home/corey/uumotor-servo-motor-driver-ros2/src/uumotor_servo_motor_driver/include/uumotor_servo_motor_driver/comms.hpp:[m[K In member function â€˜[01m[Kbool Comms::connected() const[m[Kâ€™:
[1.296s] [01m[K/home/corey/uumotor-servo-motor-driver-ros2/src/uumotor_servo_motor_driver/include/uumotor_servo_motor_driver/comms.hpp:51:35:[m[K [01;31m[Kerror: [m[Kpassing â€˜[01m[Kconst LibSerial::SerialStream[m[Kâ€™ as â€˜[01m[Kthis[m[Kâ€™ argument discards qualifiers [[01;31m[K-fpermissive[m[K]
[1.296s]    51 |             return serial_.IsOpen([01;31m[K)[m[K;
[1.296s]       |                                   [01;31m[K^[m[K
[1.296s] In file included from [01m[K/home/corey/uumotor-servo-motor-driver-ros2/src/uumotor_servo_motor_driver/include/uumotor_servo_motor_driver/comms.hpp:4[m[K,
[1.296s]                  from [01m[K/home/corey/uumotor-servo-motor-driver-ros2/src/uumotor_servo_motor_driver/src/test_node.cpp:12[m[K:
[1.296s] [01m[K/usr/include/libserial/SerialStream.h:183:14:[m[K [01;36m[Knote: [m[K  in call to â€˜[01m[Kbool LibSerial::SerialStream::IsOpen()[m[Kâ€™
[1.296s]   183 |         bool [01;36m[KIsOpen[m[K() ;
[1.297s]       |              [01;36m[K^~~~~~[m[K
[1.297s] In file included from [01m[K/home/corey/uumotor-servo-motor-driver-ros2/src/uumotor_servo_motor_driver/src/test_node.cpp:12[m[K:
[1.297s] [01m[K/home/corey/uumotor-servo-motor-driver-ros2/src/uumotor_servo_motor_driver/include/uumotor_servo_motor_driver/comms.hpp:[m[K In member function â€˜[01m[Kstd::string Comms::send_command(const std::vector<unsigned char, std::allocator<unsigned char> >&, bool)[m[Kâ€™:
[1.297s] [01m[K/home/corey/uumotor-servo-motor-driver-ros2/src/uumotor_servo_motor_driver/include/uumotor_servo_motor_driver/comms.hpp:57:21:[m[K [01;31m[Kerror: [m[Kâ€˜[01m[Kclass LibSerial::SerialStream[m[Kâ€™ has no member named â€˜[01m[KWrite[m[Kâ€™; did you mean â€˜[01m[Kwrite[m[Kâ€™?
[1.297s]    57 |             serial_.[01;31m[KWrite[m[K(cmd);
[1.297s]       |                     [01;31m[K^~~~~[m[K
[1.297s]       |                     [32m[Kwrite[m[K
[1.297s] [01m[K/home/corey/uumotor-servo-motor-driver-ros2/src/uumotor_servo_motor_driver/include/uumotor_servo_motor_driver/comms.hpp:62:25:[m[K [01;31m[Kerror: [m[Kâ€˜[01m[Kclass LibSerial::SerialStream[m[Kâ€™ has no member named â€˜[01m[KWrite[m[Kâ€™; did you mean â€˜[01m[Kwrite[m[Kâ€™?
[1.297s]    62 |                 serial_.[01;31m[KWrite[m[K(cmd);
[1.297s]       |                         [01;31m[K^~~~~[m[K
[1.297s]       |                         [32m[Kwrite[m[K
[1.782s] make[2]: *** [CMakeFiles/driver.dir/build.make:76: CMakeFiles/driver.dir/src/test_node.cpp.o] Error 1
[1.782s] make[1]: *** [CMakeFiles/Makefile2:170: CMakeFiles/driver.dir/all] Error 2
[1.782s] make: *** [Makefile:146: all] Error 2
[1.787s] Invoked command in '/home/corey/uumotor-servo-motor-driver-ros2/build/uumotor_servo_motor_driver' returned '2': CMAKE_PREFIX_PATH=${CMAKE_PREFIX_PATH}:/opt/ros/galactic /home/corey/.local/bin/cmake --build /home/corey/uumotor-servo-motor-driver-ros2/build/uumotor_servo_motor_driver -- -j16 -l16
