[ 60%] Built target uumotor_servo_motor_driver
[ 80%] [32mBuilding CXX object CMakeFiles/driver.dir/src/test_node.cpp.o[0m
[01m[K/home/corey/uumotor-servo-motor-driver-ros2/src/uumotor_servo_motor_driver/src/test_node.cpp:[m[K In constructor â€˜[01m[KTestNode::TestNode()[m[Kâ€™:
[01m[K/home/corey/uumotor-servo-motor-driver-ros2/src/uumotor_servo_motor_driver/src/test_node.cpp:17:27:[m[K [01;31m[Kerror: [m[Kclass â€˜[01m[KTestNode[m[Kâ€™ does not have any field named â€˜[01m[Kcount_[m[Kâ€™
   17 |         : Node("driver"), [01;31m[Kcount_[m[K(0)
      |                           [01;31m[K^~~~~~[m[K
[01m[K/home/corey/uumotor-servo-motor-driver-ros2/src/uumotor_servo_motor_driver/src/test_node.cpp:[m[K In function â€˜[01m[Kint main(int, char**)[m[Kâ€™:
[01m[K/home/corey/uumotor-servo-motor-driver-ros2/src/uumotor_servo_motor_driver/src/test_node.cpp:41:16:[m[K [01;31m[Kerror: [m[Kâ€˜[01m[Kspin_once[m[Kâ€™ was not declared in this scope
   41 |         rclcpp:[01;31m[Kspin_once[m[K(std::make_shared<TestNode>());
      |                [01;31m[K^~~~~~~~~[m[K
[01m[K/home/corey/uumotor-servo-motor-driver-ros2/src/uumotor_servo_motor_driver/src/test_node.cpp:41:9:[m[K [01;35m[Kwarning: [m[Klabel â€˜[01m[Krclcpp[m[Kâ€™ defined but not used [[01;35m[K-Wunused-label[m[K]
   41 |         [01;35m[Krclcpp[m[K:spin_once(std::make_shared<TestNode>());
      |         [01;35m[K^~~~~~[m[K
make[2]: *** [CMakeFiles/driver.dir/build.make:76: CMakeFiles/driver.dir/src/test_node.cpp.o] Error 1
make[1]: *** [CMakeFiles/Makefile2:165: CMakeFiles/driver.dir/all] Error 2
make: *** [Makefile:146: all] Error 2
