[01m[K/home/corey/uumotor-servo-motor-driver-ros2/src/uumotor_servo_motor_driver/src/test.cpp:1:10:[m[K [01;31m[Kfatal error: [m[K/home/corey/uumotor_servo_motor_driver_ros2/src/uumotor_servo_motor_driver/functions.h: No such file or directory
    1 | #include [01;31m[K"/home/corey/uumotor_servo_motor_driver_ros2/src/uumotor_servo_motor_driver/functions.h"[m[K
      |          [01;31m[K^~~~~~~~~~~~~~~~~~~~~~~~~~~~~~~~~~~~~~~~~~~~~~~~~~~~~~~~~~~~~~~~~~~~~~~~~~~~~~~~~~~~~~~~[m[K
compilation terminated.
make[2]: *** [CMakeFiles/driver.dir/build.make:76: CMakeFiles/driver.dir/src/test.cpp.o] Error 1
make[1]: *** [CMakeFiles/Makefile2:165: CMakeFiles/driver.dir/all] Error 2
make: *** [Makefile:146: all] Error 2
