[  9%] [32mBuilding CXX object CMakeFiles/fun.dir/src/functions.cpp.o[0m
[ 18%] [32mBuilding CXX object CMakeFiles/cmd.dir/src/commands.cpp.o[0m
[ 36%] [32mBuilding CXX object CMakeFiles/uumotor_servo_motor_driver.dir/src/commands.cpp.o[0m
[ 36%] [32mBuilding CXX object CMakeFiles/uumotor_servo_motor_driver.dir/src/functions.cpp.o[0m
In file included from [01m[K/home/corey/uumotor-servo-motor-driver-ros2/src/uumotor_servo_motor_driver/src/functions.cpp:1[m[K:
[01m[K/home/corey/uumotor-servo-motor-driver-ros2/src/uumotor_servo_motor_driver/include/uumotor_servo_motor_driver/functions.h:28:9:[m[K [01;31m[Kerror: [m[Kâ€˜[01m[Kint Functions::check_message(uint8_t*)[m[Kâ€™ cannot be overloaded with â€˜[01m[Kbool Functions::check_message(uint8_t*)[m[Kâ€™
   28 |     int [01;31m[Kcheck_message[m[K(uint8_t *msg);
      |         [01;31m[K^~~~~~~~~~~~~[m[K
[01m[K/home/corey/uumotor-servo-motor-driver-ros2/src/uumotor_servo_motor_driver/include/uumotor_servo_motor_driver/functions.h:20:10:[m[K [01;36m[Knote: [m[Kprevious declaration â€˜[01m[Kbool Functions::check_message(uint8_t*)[m[Kâ€™
   20 |     bool [01;36m[Kcheck_message[m[K(uint8_t *msg);
      |          [01;36m[K^~~~~~~~~~~~~[m[K
In file included from [01m[K/home/corey/uumotor-servo-motor-driver-ros2/src/uumotor_servo_motor_driver/src/functions.cpp:1[m[K:
[01m[K/home/corey/uumotor-servo-motor-driver-ros2/src/uumotor_servo_motor_driver/include/uumotor_servo_motor_driver/functions.h:28:9:[m[K [01;31m[Kerror: [m[Kâ€˜[01m[Kint Functions::check_message(uint8_t*)[m[Kâ€™ cannot be overloaded with â€˜[01m[Kbool Functions::check_message(uint8_t*)[m[Kâ€™
   28 |     int [01;31m[Kcheck_message[m[K(uint8_t *msg);
      |         [01;31m[K^~~~~~~~~~~~~[m[K
[01m[K/home/corey/uumotor-servo-motor-driver-ros2/src/uumotor_servo_motor_driver/include/uumotor_servo_motor_driver/functions.h:20:10:[m[K [01;36m[Knote: [m[Kprevious declaration â€˜[01m[Kbool Functions::check_message(uint8_t*)[m[Kâ€™
   20 |     bool [01;36m[Kcheck_message[m[K(uint8_t *msg);
      |          [01;36m[K^~~~~~~~~~~~~[m[K
[01m[K/home/corey/uumotor-servo-motor-driver-ros2/src/uumotor_servo_motor_driver/src/functions.cpp:111:5:[m[K [01;31m[Kerror: [m[Kno declaration matches â€˜[01m[Kint Functions::check_message(uint8_t*)[m[Kâ€™
  111 | int [01;31m[KFunctions[m[K::check_message(uint8_t *msg)
      |     [01;31m[K^~~~~~~~~[m[K
[01m[K/home/corey/uumotor-servo-motor-driver-ros2/src/uumotor_servo_motor_driver/src/functions.cpp:33:6:[m[K [01;36m[Knote: [m[Kcandidate is: â€˜[01m[Kbool Functions::check_message(uint8_t*)[m[Kâ€™
   33 | bool [01;36m[KFunctions[m[K::check_message(uint8_t *msg)
      |      [01;36m[K^~~~~~~~~[m[K
In file included from [01m[K/home/corey/uumotor-servo-motor-driver-ros2/src/uumotor_servo_motor_driver/src/functions.cpp:1[m[K:
[01m[K/home/corey/uumotor-servo-motor-driver-ros2/src/uumotor_servo_motor_driver/include/uumotor_servo_motor_driver/functions.h:9:7:[m[K [01;36m[Knote: [m[Kâ€˜[01m[Kclass Functions[m[Kâ€™ defined here
    9 | class [01;36m[KFunctions[m[K
      |       [01;36m[K^~~~~~~~~[m[K
make[2]: *** [CMakeFiles/fun.dir/build.make:76: CMakeFiles/fun.dir/src/functions.cpp.o] Error 1
make[1]: *** [CMakeFiles/Makefile2:196: CMakeFiles/fun.dir/all] Error 2
make[1]: *** Waiting for unfinished jobs....
[01m[K/home/corey/uumotor-servo-motor-driver-ros2/src/uumotor_servo_motor_driver/src/functions.cpp:111:5:[m[K [01;31m[Kerror: [m[Kno declaration matches â€˜[01m[Kint Functions::check_message(uint8_t*)[m[Kâ€™
  111 | int [01;31m[KFunctions[m[K::check_message(uint8_t *msg)
      |     [01;31m[K^~~~~~~~~[m[K
[01m[K/home/corey/uumotor-servo-motor-driver-ros2/src/uumotor_servo_motor_driver/src/functions.cpp:33:6:[m[K [01;36m[Knote: [m[Kcandidate is: â€˜[01m[Kbool Functions::check_message(uint8_t*)[m[Kâ€™
   33 | bool [01;36m[KFunctions[m[K::check_message(uint8_t *msg)
      |      [01;36m[K^~~~~~~~~[m[K
In file included from [01m[K/home/corey/uumotor-servo-motor-driver-ros2/src/uumotor_servo_motor_driver/src/functions.cpp:1[m[K:
[01m[K/home/corey/uumotor-servo-motor-driver-ros2/src/uumotor_servo_motor_driver/include/uumotor_servo_motor_driver/functions.h:9:7:[m[K [01;36m[Knote: [m[Kâ€˜[01m[Kclass Functions[m[Kâ€™ defined here
    9 | class [01;36m[KFunctions[m[K
      |       [01;36m[K^~~~~~~~~[m[K
In file included from [01m[K/home/corey/uumotor-servo-motor-driver-ros2/src/uumotor_servo_motor_driver/include/uumotor_servo_motor_driver/commands.h:6[m[K,
                 from [01m[K/home/corey/uumotor-servo-motor-driver-ros2/src/uumotor_servo_motor_driver/src/commands.cpp:1[m[K:
[01m[K/home/corey/uumotor-servo-motor-driver-ros2/src/uumotor_servo_motor_driver/include/uumotor_servo_motor_driver/functions.h:28:9:[m[K [01;31m[Kerror: [m[Kâ€˜[01m[Kint Functions::check_message(uint8_t*)[m[Kâ€™ cannot be overloaded with â€˜[01m[Kbool Functions::check_message(uint8_t*)[m[Kâ€™
   28 |     int [01;31m[Kcheck_message[m[K(uint8_t *msg);
      |         [01;31m[K^~~~~~~~~~~~~[m[K
[01m[K/home/corey/uumotor-servo-motor-driver-ros2/src/uumotor_servo_motor_driver/include/uumotor_servo_motor_driver/functions.h:20:10:[m[K [01;36m[Knote: [m[Kprevious declaration â€˜[01m[Kbool Functions::check_message(uint8_t*)[m[Kâ€™
   20 |     bool [01;36m[Kcheck_message[m[K(uint8_t *msg);
      |          [01;36m[K^~~~~~~~~~~~~[m[K
In file included from [01m[K/home/corey/uumotor-servo-motor-driver-ros2/src/uumotor_servo_motor_driver/include/uumotor_servo_motor_driver/commands.h:6[m[K,
                 from [01m[K/home/corey/uumotor-servo-motor-driver-ros2/src/uumotor_servo_motor_driver/src/commands.cpp:1[m[K:
[01m[K/home/corey/uumotor-servo-motor-driver-ros2/src/uumotor_servo_motor_driver/include/uumotor_servo_motor_driver/functions.h:28:9:[m[K [01;31m[Kerror: [m[Kâ€˜[01m[Kint Functions::check_message(uint8_t*)[m[Kâ€™ cannot be overloaded with â€˜[01m[Kbool Functions::check_message(uint8_t*)[m[Kâ€™
   28 |     int [01;31m[Kcheck_message[m[K(uint8_t *msg);
      |         [01;31m[K^~~~~~~~~~~~~[m[K
[01m[K/home/corey/uumotor-servo-motor-driver-ros2/src/uumotor_servo_motor_driver/include/uumotor_servo_motor_driver/functions.h:20:10:[m[K [01;36m[Knote: [m[Kprevious declaration â€˜[01m[Kbool Functions::check_message(uint8_t*)[m[Kâ€™
   20 |     bool [01;36m[Kcheck_message[m[K(uint8_t *msg);
      |          [01;36m[K^~~~~~~~~~~~~[m[K
make[2]: *** [CMakeFiles/uumotor_servo_motor_driver.dir/build.make:90: CMakeFiles/uumotor_servo_motor_driver.dir/src/functions.cpp.o] Error 1
make[2]: *** Waiting for unfinished jobs....
make[2]: *** [CMakeFiles/cmd.dir/build.make:76: CMakeFiles/cmd.dir/src/commands.cpp.o] Error 1
make[1]: *** [CMakeFiles/Makefile2:222: CMakeFiles/cmd.dir/all] Error 2
make[2]: *** [CMakeFiles/uumotor_servo_motor_driver.dir/build.make:76: CMakeFiles/uumotor_servo_motor_driver.dir/src/commands.cpp.o] Error 1
make[1]: *** [CMakeFiles/Makefile2:143: CMakeFiles/uumotor_servo_motor_driver.dir/all] Error 2
make: *** [Makefile:146: all] Error 2
