In file included from [01m[K/home/corey/uumotor-servo-motor-driver-ros2/src/uumotor_servo_motor_driver/src/test_node.cpp:10[m[K:
[01m[K/home/corey/uumotor-servo-motor-driver-ros2/src/uumotor_servo_motor_driver/include/uumotor_servo_motor_driver/motor_controller.hpp:[m[K In member function â€˜[01m[Kfloat MotorController::read_temp(int)[m[Kâ€™:
[01m[K/home/corey/uumotor-servo-motor-driver-ros2/src/uumotor_servo_motor_driver/include/uumotor_servo_motor_driver/motor_controller.hpp:100:24:[m[K [01;31m[Kerror: [m[Kâ€˜[01m[Ktemp[m[Kâ€™ was not declared in this scope; did you mean â€˜[01m[Kmktemp[m[Kâ€™?
  100 |                 return [01;31m[Ktemp[m[K / 100.0;
      |                        [01;31m[K^~~~[m[K
      |                        [32m[Kmktemp[m[K
make[2]: *** [CMakeFiles/driver.dir/build.make:76: CMakeFiles/driver.dir/src/test_node.cpp.o] Error 1
make[1]: *** [CMakeFiles/Makefile2:170: CMakeFiles/driver.dir/all] Error 2
make: *** [Makefile:146: all] Error 2
