[ 18%] Built target fun
[ 36%] Built target cmd
[ 63%] Built target uumotor_servo_motor_driver
[ 72%] [32mBuilding CXX object CMakeFiles/driver.dir/src/test_node.cpp.o[0m
In file included from [01m[K/home/corey/uumotor-servo-motor-driver-ros2/src/uumotor_servo_motor_driver/src/test_node.cpp:8[m[K:
[01m[K/home/corey/uumotor-servo-motor-driver-ros2/src/uumotor_servo_motor_driver/include/uumotor_servo_motor_driver/controller.hpp:[m[K In member function â€˜[01m[Kvoid Controller::start_demo()[m[Kâ€™:
[01m[K/home/corey/uumotor-servo-motor-driver-ros2/src/uumotor_servo_motor_driver/include/uumotor_servo_motor_driver/controller.hpp:129:59:[m[K [01;31m[Kerror: [m[Kâ€˜[01m[Katod[m[Kâ€™ is not a member of â€˜[01m[Kstd[m[Kâ€™
  129 |                 else if (cm == "cs") change_speed(1, std::[01;31m[Katod[m[K(val.c_str()));
      |                                                           [01;31m[K^~~~[m[K
[01m[K/home/corey/uumotor-servo-motor-driver-ros2/src/uumotor_servo_motor_driver/include/uumotor_servo_motor_driver/controller.hpp:130:61:[m[K [01;31m[Kerror: [m[Kâ€˜[01m[Katod[m[Kâ€™ is not a member of â€˜[01m[Kstd[m[Kâ€™
  130 |                 else if (cm == "cc") change_current(1, std::[01;31m[Katod[m[K(val.c_str()));
      |                                                             [01;31m[K^~~~[m[K
make[2]: *** [CMakeFiles/driver.dir/build.make:63: CMakeFiles/driver.dir/src/test_node.cpp.o] Error 1
make[1]: *** [CMakeFiles/Makefile2:166: CMakeFiles/driver.dir/all] Error 2
make: *** [Makefile:141: all] Error 2
