In file included from [01m[K/home/corey/uumotor-servo-motor-driver-ros2/src/uumotor_servo_motor_driver/include/uumotor_servo_motor_driver/motor_controller.hpp:8[m[K,
                 from [01m[K/home/corey/uumotor-servo-motor-driver-ros2/src/uumotor_servo_motor_driver/src/test_node.cpp:10[m[K:
[01m[K/home/corey/uumotor-servo-motor-driver-ros2/src/uumotor_servo_motor_driver/include/uumotor_servo_motor_driver/comms.hpp:[m[K In member function â€˜[01m[Kstd::vector<int> Comms::send_command(const std::vector<unsigned char, std::allocator<unsigned char> >&, bool)[m[Kâ€™:
[01m[K/home/corey/uumotor-servo-motor-driver-ros2/src/uumotor_servo_motor_driver/include/uumotor_servo_motor_driver/comms.hpp:74:28:[m[K [01;31m[Kerror: [m[Kcould not convert â€˜[01m[K"0"[m[Kâ€™ from â€˜[01m[Kconst char [2][m[Kâ€™ to â€˜[01m[Kstd::vector<int>[m[Kâ€™
   74 |                     return [01;31m[K"0"[m[K;
      |                            [01;31m[K^~~[m[K
      |                            [01;31m[K|[m[K
      |                            [01;31m[Kconst char [2][m[K
[01m[K/home/corey/uumotor-servo-motor-driver-ros2/src/uumotor_servo_motor_driver/include/uumotor_servo_motor_driver/comms.hpp:80:24:[m[K [01;31m[Kerror: [m[Kcould not convert â€˜[01m[K"invalid message"[m[Kâ€™ from â€˜[01m[Kconst char [16][m[Kâ€™ to â€˜[01m[Kstd::vector<int>[m[Kâ€™
   80 |                 return [01;31m[K"invalid message"[m[K;
      |                        [01;31m[K^~~~~~~~~~~~~~~~~[m[K
      |                        [01;31m[K|[m[K
      |                        [01;31m[Kconst char [16][m[K
make[2]: *** [CMakeFiles/driver.dir/build.make:76: CMakeFiles/driver.dir/src/test_node.cpp.o] Error 1
make[1]: *** [CMakeFiles/Makefile2:170: CMakeFiles/driver.dir/all] Error 2
make: *** [Makefile:146: all] Error 2
