[ 18%] Built target fun
[ 36%] Built target cmd
[ 63%] Built target uumotor_servo_motor_driver
[ 72%] [32mBuilding CXX object CMakeFiles/driver.dir/src/test_node.cpp.o[0m
In file included from [01m[K/home/corey/uumotor-servo-motor-driver-ros2/src/uumotor_servo_motor_driver/src/test_node.cpp:10[m[K:
[01m[K/home/corey/uumotor-servo-motor-driver-ros2/src/uumotor_servo_motor_driver/include/uumotor_servo_motor_driver/motor_controller.hpp:[m[K In member function â€˜[01m[Kbool MotorController::motor_running(int)[m[Kâ€™:
[01m[K/home/corey/uumotor-servo-motor-driver-ros2/src/uumotor_servo_motor_driver/include/uumotor_servo_motor_driver/motor_controller.hpp:68:23:[m[K [01;31m[Kerror: [m[Kexpected primary-expression before â€˜[01m[K:[m[Kâ€™ token
   68 |             if (motor)[01;31m[K:[m[K
      |                       [01;31m[K^[m[K
[01m[K/home/corey/uumotor-servo-motor-driver-ros2/src/uumotor_servo_motor_driver/include/uumotor_servo_motor_driver/motor_controller.hpp:70:17:[m[K [01;31m[Kerror: [m[Kexpected primary-expression before â€˜[01m[K:[m[Kâ€™ token
   70 |             else[01;31m[K:[m[K
      |                 [01;31m[K^[m[K
[01m[K/home/corey/uumotor-servo-motor-driver-ros2/src/uumotor_servo_motor_driver/include/uumotor_servo_motor_driver/motor_controller.hpp:72:9:[m[K [01;35m[Kwarning: [m[Kno return statement in function returning non-void [[01;35m[K-Wreturn-type[m[K]
   72 |         [01;35m[K}[m[K
      |         [01;35m[K^[m[K
make[2]: *** [CMakeFiles/driver.dir/build.make:76: CMakeFiles/driver.dir/src/test_node.cpp.o] Error 1
make[1]: *** [CMakeFiles/Makefile2:170: CMakeFiles/driver.dir/all] Error 2
make: *** [Makefile:146: all] Error 2
