[0.012s] Invoking command in '/home/corey/uumotor-servo-motor-driver-ros2/build/uumotor_servo_motor_driver': CMAKE_PREFIX_PATH=${CMAKE_PREFIX_PATH}:/opt/ros/galactic /home/corey/.local/bin/cmake --build /home/corey/uumotor-servo-motor-driver-ros2/build/uumotor_servo_motor_driver -- -j16 -l16
[0.048s] [  9%] [32mBuilding CXX object CMakeFiles/fun.dir/src/functions.cpp.o[0m
[0.049s] [ 27%] Built target cmd
[0.053s] [ 36%] [32mBuilding CXX object CMakeFiles/uumotor_servo_motor_driver.dir/src/functions.cpp.o[0m
[0.079s] [01m[K/home/corey/uumotor-servo-motor-driver-ros2/src/uumotor_servo_motor_driver/src/functions.cpp:4:10:[m[K [01;31m[Kfatal error: [m[Krclcpp/rclcpp.hpp: No such file or directory
[0.079s]     4 | #include [01;31m[K"rclcpp/rclcpp.hpp"[m[K
[0.079s]       |          [01;31m[K^~~~~~~~~~~~~~~~~~~[m[K
[0.079s] compilation terminated.
[0.080s] make[2]: *** [CMakeFiles/fun.dir/build.make:76: CMakeFiles/fun.dir/src/functions.cpp.o] Error 1
[0.080s] make[1]: *** [CMakeFiles/Makefile2:196: CMakeFiles/fun.dir/all] Error 2
[0.080s] make[1]: *** Waiting for unfinished jobs....
[1.327s] [01m[K/home/corey/uumotor-servo-motor-driver-ros2/src/uumotor_servo_motor_driver/src/functions.cpp:111:5:[m[K [01;31m[Kerror: [m[Kno declaration matches â€˜[01m[Kint Functions::message_decoder(int*, int, bool)[m[Kâ€™
[1.327s]   111 | int [01;31m[KFunctions[m[K::message_decoder(int *msg, int bit, bool unsign)
[1.327s]       |     [01;31m[K^~~~~~~~~[m[K
[1.327s] In file included from [01m[K/home/corey/uumotor-servo-motor-driver-ros2/src/uumotor_servo_motor_driver/src/functions.cpp:1[m[K:
[1.327s] [01m[K/home/corey/uumotor-servo-motor-driver-ros2/src/uumotor_servo_motor_driver/include/uumotor_servo_motor_driver/functions.h:26:9:[m[K [01;36m[Knote: [m[Kcandidate is: â€˜[01m[Kint Functions::message_decoder(uint8_t*, int, bool)[m[Kâ€™
[1.327s]    26 |     int [01;36m[Kmessage_decoder[m[K(uint8_t *msg, int bit, bool unsign);
[1.327s]       |         [01;36m[K^~~~~~~~~~~~~~~[m[K
[1.327s] [01m[K/home/corey/uumotor-servo-motor-driver-ros2/src/uumotor_servo_motor_driver/include/uumotor_servo_motor_driver/functions.h:9:7:[m[K [01;36m[Knote: [m[Kâ€˜[01m[Kclass Functions[m[Kâ€™ defined here
[1.327s]     9 | class [01;36m[KFunctions[m[K
[1.327s]       |       [01;36m[K^~~~~~~~~[m[K
[1.812s] make[2]: *** [CMakeFiles/uumotor_servo_motor_driver.dir/build.make:90: CMakeFiles/uumotor_servo_motor_driver.dir/src/functions.cpp.o] Error 1
[1.812s] make[1]: *** [CMakeFiles/Makefile2:143: CMakeFiles/uumotor_servo_motor_driver.dir/all] Error 2
[1.812s] make: *** [Makefile:146: all] Error 2
[1.816s] Invoked command in '/home/corey/uumotor-servo-motor-driver-ros2/build/uumotor_servo_motor_driver' returned '2': CMAKE_PREFIX_PATH=${CMAKE_PREFIX_PATH}:/opt/ros/galactic /home/corey/.local/bin/cmake --build /home/corey/uumotor-servo-motor-driver-ros2/build/uumotor_servo_motor_driver -- -j16 -l16
