[0.013s] Invoking command in '/home/corey/uumotor-servo-motor-driver-ros2/build/uumotor_servo_motor_driver': CMAKE_PREFIX_PATH=${CMAKE_PREFIX_PATH}:/opt/ros/galactic /home/corey/.local/bin/cmake --build /home/corey/uumotor-servo-motor-driver-ros2/build/uumotor_servo_motor_driver -- -j16 -l16
[0.050s] [ 18%] Built target fun
[0.052s] [ 45%] Built target uumotor_servo_motor_driver
[0.052s] [ 63%] Built target cmd
[0.070s] [ 72%] [32mBuilding CXX object CMakeFiles/driver.dir/src/test_node.cpp.o[0m
[1.304s] In file included from [01m[K/home/corey/uumotor-servo-motor-driver-ros2/src/uumotor_servo_motor_driver/include/uumotor_servo_motor_driver/motor_controller.hpp:8[m[K,
[1.304s]                  from [01m[K/home/corey/uumotor-servo-motor-driver-ros2/src/uumotor_servo_motor_driver/src/test_node.cpp:10[m[K:
[1.304s] [01m[K/home/corey/uumotor-servo-motor-driver-ros2/src/uumotor_servo_motor_driver/include/uumotor_servo_motor_driver/comms.hpp:[m[K In member function â€˜[01m[Kstd::string Comms::send_command(const std::vector<unsigned char, std::allocator<unsigned char> >&, bool)[m[Kâ€™:
[1.304s] [01m[K/home/corey/uumotor-servo-motor-driver-ros2/src/uumotor_servo_motor_driver/include/uumotor_servo_motor_driver/comms.hpp:64:74:[m[K [01;31m[Kerror: [m[Kinvalid use of void expression
[1.304s]    64 |                 output.push_back(serial_.ReadByte(hex_value, timeout_ms_)[01;31m[K)[m[K;
[1.304s]       |                                                                          [01;31m[K^[m[K
[1.304s] [01m[K/home/corey/uumotor-servo-motor-driver-ros2/src/uumotor_servo_motor_driver/include/uumotor_servo_motor_driver/comms.hpp:81:20:[m[K [01;31m[Kerror: [m[Kcould not convert â€˜[01m[Koutput[m[Kâ€™ from â€˜[01m[Kstd::vector<unsigned char, std::allocator<unsigned char> >[m[Kâ€™ to â€˜[01m[Kstd::string[m[Kâ€™ {aka â€˜[01m[Kstd::__cxx11::basic_string<char>[m[Kâ€™}
[1.304s]    81 |             return [01;31m[Koutput[m[K;
[1.305s]       |                    [01;31m[K^~~~~~[m[K
[1.305s]       |                    [01;31m[K|[m[K
[1.305s]       |                    [01;31m[Kstd::vector<unsigned char, std::allocator<unsigned char> >[m[K
[1.775s] make[2]: *** [CMakeFiles/driver.dir/build.make:76: CMakeFiles/driver.dir/src/test_node.cpp.o] Error 1
[1.775s] make[1]: *** [CMakeFiles/Makefile2:170: CMakeFiles/driver.dir/all] Error 2
[1.775s] make: *** [Makefile:146: all] Error 2
[1.780s] Invoked command in '/home/corey/uumotor-servo-motor-driver-ros2/build/uumotor_servo_motor_driver' returned '2': CMAKE_PREFIX_PATH=${CMAKE_PREFIX_PATH}:/opt/ros/galactic /home/corey/.local/bin/cmake --build /home/corey/uumotor-servo-motor-driver-ros2/build/uumotor_servo_motor_driver -- -j16 -l16
