[0.140s] Invoking command in '/home/corey/uumotor-servo-motor-driver-ros2/build/uumotor_servo_motor_driver': CMAKE_PREFIX_PATH=${CMAKE_PREFIX_PATH}:/opt/ros/galactic /home/corey/.local/bin/cmake --build /home/corey/uumotor-servo-motor-driver-ros2/build/uumotor_servo_motor_driver -- -j16 -l16
[0.172s] [ 18%] Built target fun
[0.174s] [ 63%] Built target uumotor_servo_motor_driver
[0.174s] [ 63%] Built target cmd
[0.189s] [ 72%] [32mBuilding CXX object CMakeFiles/driver.dir/src/test_node.cpp.o[0m
[1.337s] [01m[K/home/corey/uumotor-servo-motor-driver-ros2/src/uumotor_servo_motor_driver/src/test_node.cpp:34:37:[m[K [01;31m[Kerror: [m[Kexpected identifier before â€˜[01m[K&[m[Kâ€™ token
[1.337s]    34 |         std::thread monitor_thread ([01;31m[K&[m[KTestNode::monitor, this);
[1.337s]       |                                     [01;31m[K^[m[K
[1.337s] [01m[K/home/corey/uumotor-servo-motor-driver-ros2/src/uumotor_servo_motor_driver/src/test_node.cpp:34:38:[m[K [01;31m[Kerror: [m[Kexpected â€˜[01m[K,[m[Kâ€™ or â€˜[01m[K...[m[Kâ€™
[1.337s]    34 |         std::thread monitor_thread (&[01;31m[KTestNode[m[K::monitor, this);
[1.337s]       |                                      [01;31m[K^~~~~~~~[m[K
[1.789s] make[2]: *** [CMakeFiles/driver.dir/build.make:76: CMakeFiles/driver.dir/src/test_node.cpp.o] Error 1
[1.789s] make[1]: *** [CMakeFiles/Makefile2:170: CMakeFiles/driver.dir/all] Error 2
[1.789s] make: *** [Makefile:146: all] Error 2
[1.792s] Invoked command in '/home/corey/uumotor-servo-motor-driver-ros2/build/uumotor_servo_motor_driver' returned '2': CMAKE_PREFIX_PATH=${CMAKE_PREFIX_PATH}:/opt/ros/galactic /home/corey/.local/bin/cmake --build /home/corey/uumotor-servo-motor-driver-ros2/build/uumotor_servo_motor_driver -- -j16 -l16
