In file included from [01m[K/home/corey/uumotor-servo-motor-driver-ros2/src/uumotor_servo_motor_driver/src/test_node.cpp:10[m[K:
[01m[K/home/corey/uumotor-servo-motor-driver-ros2/src/uumotor_servo_motor_driver/include/uumotor_servo_motor_driver/motor_controller.hpp:92:32:[m[K [01;35m[Kwarning: [m[Kmissing terminating " character
   92 |             std::cout << "here"[01;35m[K"[m[K << std::endl;
      |                                [01;35m[K^[m[K
[01m[K/home/corey/uumotor-servo-motor-driver-ros2/src/uumotor_servo_motor_driver/include/uumotor_servo_motor_driver/motor_controller.hpp:92:32:[m[K [01;31m[Kerror: [m[Kmissing terminating " character
   92 |             std::cout << "here"[01;31m[K" << std::endl;[m[K
      |                                [01;31m[K^~~~~~~~~~~~~~~[m[K
[01m[K/home/corey/uumotor-servo-motor-driver-ros2/src/uumotor_servo_motor_driver/include/uumotor_servo_motor_driver/motor_controller.hpp:[m[K In member function â€˜[01m[Kfloat MotorController::read_temp(int)[m[Kâ€™:
[01m[K/home/corey/uumotor-servo-motor-driver-ros2/src/uumotor_servo_motor_driver/include/uumotor_servo_motor_driver/motor_controller.hpp:92:32:[m[K [01;31m[Kerror: [m[Kexpected â€˜[01m[K;[m[Kâ€™ before â€˜[01m[Kbool[m[Kâ€™
   92 |             std::cout << "here"[01;31m[K"[m[K << std::endl;
      |                                [01;31m[K^[m[K
      |                                [32m[K;[m[K
   93 |             [32m[Kbool[m[K check = fun_.check_message(msg.data(), msg.size());
      |             [32m[K~~~~[m[K                
[01m[K/home/corey/uumotor-servo-motor-driver-ros2/src/uumotor_servo_motor_driver/include/uumotor_servo_motor_driver/motor_controller.hpp:94:17:[m[K [01;31m[Kerror: [m[Kâ€˜[01m[Kcheck[m[Kâ€™ was not declared in this scope
   94 |             if ([01;31m[Kcheck[m[K)
      |                 [01;31m[K^~~~~[m[K
make[2]: *** [CMakeFiles/driver.dir/build.make:76: CMakeFiles/driver.dir/src/test_node.cpp.o] Error 1
make[1]: *** [CMakeFiles/Makefile2:170: CMakeFiles/driver.dir/all] Error 2
make: *** [Makefile:146: all] Error 2
