[0.145s] Invoking command in '/home/corey/uumotor-servo-motor-driver-ros2/build/uumotor_servo_motor_driver': CMAKE_PREFIX_PATH=${CMAKE_PREFIX_PATH}:/opt/ros/galactic /home/corey/.local/bin/cmake --build /home/corey/uumotor-servo-motor-driver-ros2/build/uumotor_servo_motor_driver -- -j16 -l16
[0.177s] [ 18%] Built target fun
[0.177s] [ 36%] Built target cmd
[0.181s] [ 63%] Built target uumotor_servo_motor_driver
[0.193s] [ 72%] [32mBuilding CXX object CMakeFiles/driver.dir/src/test_node.cpp.o[0m
[0.286s] In file included from [01m[K/home/corey/uumotor-servo-motor-driver-ros2/src/uumotor_servo_motor_driver/src/test_node.cpp:10[m[K:
[0.286s] [01m[K/home/corey/uumotor-servo-motor-driver-ros2/src/uumotor_servo_motor_driver/include/uumotor_servo_motor_driver/motor_controller.hpp:92:32:[m[K [01;35m[Kwarning: [m[Kmissing terminating " character
[0.286s]    92 |             std::cout << "here"[01;35m[K"[m[K << std::endl;
[0.286s]       |                                [01;35m[K^[m[K
[0.286s] [01m[K/home/corey/uumotor-servo-motor-driver-ros2/src/uumotor_servo_motor_driver/include/uumotor_servo_motor_driver/motor_controller.hpp:92:32:[m[K [01;31m[Kerror: [m[Kmissing terminating " character
[0.286s]    92 |             std::cout << "here"[01;31m[K" << std::endl;[m[K
[0.286s]       |                                [01;31m[K^~~~~~~~~~~~~~~[m[K
[1.350s] [01m[K/home/corey/uumotor-servo-motor-driver-ros2/src/uumotor_servo_motor_driver/include/uumotor_servo_motor_driver/motor_controller.hpp:[m[K In member function â€˜[01m[Kfloat MotorController::read_temp(int)[m[Kâ€™:
[1.350s] [01m[K/home/corey/uumotor-servo-motor-driver-ros2/src/uumotor_servo_motor_driver/include/uumotor_servo_motor_driver/motor_controller.hpp:92:32:[m[K [01;31m[Kerror: [m[Kexpected â€˜[01m[K;[m[Kâ€™ before â€˜[01m[Kbool[m[Kâ€™
[1.350s]    92 |             std::cout << "here"[01;31m[K"[m[K << std::endl;
[1.350s]       |                                [01;31m[K^[m[K
[1.350s]       |                                [32m[K;[m[K
[1.350s]    93 |             [32m[Kbool[m[K check = fun_.check_message(msg.data(), msg.size());
[1.350s]       |             [32m[K~~~~[m[K                
[1.351s] [01m[K/home/corey/uumotor-servo-motor-driver-ros2/src/uumotor_servo_motor_driver/include/uumotor_servo_motor_driver/motor_controller.hpp:94:17:[m[K [01;31m[Kerror: [m[Kâ€˜[01m[Kcheck[m[Kâ€™ was not declared in this scope
[1.351s]    94 |             if ([01;31m[Kcheck[m[K)
[1.352s]       |                 [01;31m[K^~~~~[m[K
[1.809s] make[2]: *** [CMakeFiles/driver.dir/build.make:76: CMakeFiles/driver.dir/src/test_node.cpp.o] Error 1
[1.809s] make[1]: *** [CMakeFiles/Makefile2:170: CMakeFiles/driver.dir/all] Error 2
[1.809s] make: *** [Makefile:146: all] Error 2
[1.813s] Invoked command in '/home/corey/uumotor-servo-motor-driver-ros2/build/uumotor_servo_motor_driver' returned '2': CMAKE_PREFIX_PATH=${CMAKE_PREFIX_PATH}:/opt/ros/galactic /home/corey/.local/bin/cmake --build /home/corey/uumotor-servo-motor-driver-ros2/build/uumotor_servo_motor_driver -- -j16 -l16
