[0.012s] Invoking command in '/home/corey/uumotor-servo-motor-driver-ros2/build/uumotor_servo_motor_driver': CMAKE_PREFIX_PATH=${CMAKE_PREFIX_PATH}:/opt/ros/galactic /home/corey/.local/bin/cmake --build /home/corey/uumotor-servo-motor-driver-ros2/build/uumotor_servo_motor_driver -- -j16 -l16
[0.047s] [ 18%] Built target fun
[0.051s] [ 63%] Built target cmd
[0.051s] [ 63%] Built target uumotor_servo_motor_driver
[0.072s] [ 72%] [32mBuilding CXX object CMakeFiles/driver.dir/src/test_node.cpp.o[0m
[1.309s] In file included from [01m[K/home/corey/uumotor-servo-motor-driver-ros2/src/uumotor_servo_motor_driver/src/test_node.cpp:12[m[K:
[1.309s] [01m[K/home/corey/uumotor-servo-motor-driver-ros2/src/uumotor_servo_motor_driver/include/uumotor_servo_motor_driver/comms.hpp:[m[K In member function â€˜[01m[Kbool Comms::connected() const[m[Kâ€™:
[1.309s] [01m[K/home/corey/uumotor-servo-motor-driver-ros2/src/uumotor_servo_motor_driver/include/uumotor_servo_motor_driver/comms.hpp:51:35:[m[K [01;31m[Kerror: [m[Kpassing â€˜[01m[Kconst LibSerial::SerialStream[m[Kâ€™ as â€˜[01m[Kthis[m[Kâ€™ argument discards qualifiers [[01;31m[K-fpermissive[m[K]
[1.309s]    51 |             return serial_.IsOpen([01;31m[K)[m[K;
[1.310s]       |                                   [01;31m[K^[m[K
[1.310s] In file included from [01m[K/home/corey/uumotor-servo-motor-driver-ros2/src/uumotor_servo_motor_driver/include/uumotor_servo_motor_driver/comms.hpp:4[m[K,
[1.310s]                  from [01m[K/home/corey/uumotor-servo-motor-driver-ros2/src/uumotor_servo_motor_driver/src/test_node.cpp:12[m[K:
[1.310s] [01m[K/usr/include/libserial/SerialStream.h:183:14:[m[K [01;36m[Knote: [m[K  in call to â€˜[01m[Kbool LibSerial::SerialStream::IsOpen()[m[Kâ€™
[1.310s]   183 |         bool [01;36m[KIsOpen[m[K() ;
[1.310s]       |              [01;36m[K^~~~~~[m[K
[1.310s] In file included from [01m[K/home/corey/uumotor-servo-motor-driver-ros2/src/uumotor_servo_motor_driver/src/test_node.cpp:12[m[K:
[1.310s] [01m[K/home/corey/uumotor-servo-motor-driver-ros2/src/uumotor_servo_motor_driver/include/uumotor_servo_motor_driver/comms.hpp:[m[K In member function â€˜[01m[Kstd::string Comms::send_command(const std::vector<unsigned char, std::allocator<unsigned char> >&, bool)[m[Kâ€™:
[1.310s] [01m[K/home/corey/uumotor-servo-motor-driver-ros2/src/uumotor_servo_motor_driver/include/uumotor_servo_motor_driver/comms.hpp:61:34:[m[K [01;31m[Kerror: [m[Kno matching function for call to â€˜[01m[KLibSerial::SerialStream::write(const std::vector<unsigned char, std::allocator<unsigned char> >&)[m[Kâ€™
[1.310s]    61 |                 serial_.write(cmd[01;31m[K)[m[K;
[1.310s]       |                                  [01;31m[K^[m[K
[1.310s] In file included from [01m[K/usr/include/c++/9/ostream:702[m[K,
[1.310s]                  from [01m[K/usr/include/c++/9/iostream:39[m[K,
[1.310s]                  from [01m[K/home/corey/uumotor-servo-motor-driver-ros2/src/uumotor_servo_motor_driver/src/test_node.cpp:1[m[K:
[1.310s] [01m[K/usr/include/c++/9/bits/ostream.tcc:182:5:[m[K [01;36m[Knote: [m[Kcandidate: â€˜[01m[Kstd::basic_ostream<_CharT, _Traits>& std::basic_ostream<_CharT, _Traits>::write(const _CharT*, std::streamsize) [with _CharT = char; _Traits = std::char_traits<char>; std::streamsize = long int][m[Kâ€™
[1.310s]   182 |     [01;36m[Kbasic_ostream<_CharT, _Traits>[m[K::
[1.310s]       |     [01;36m[K^~~~~~~~~~~~~~~~~~~~~~~~~~~~~~[m[K
[1.310s] [01m[K/usr/include/c++/9/bits/ostream.tcc:182:5:[m[K [01;36m[Knote: [m[K  candidate expects 2 arguments, 1 provided
[1.791s] make[2]: *** [CMakeFiles/driver.dir/build.make:76: CMakeFiles/driver.dir/src/test_node.cpp.o] Error 1
[1.792s] make[1]: *** [CMakeFiles/Makefile2:170: CMakeFiles/driver.dir/all] Error 2
[1.792s] make: *** [Makefile:146: all] Error 2
[1.796s] Invoked command in '/home/corey/uumotor-servo-motor-driver-ros2/build/uumotor_servo_motor_driver' returned '2': CMAKE_PREFIX_PATH=${CMAKE_PREFIX_PATH}:/opt/ros/galactic /home/corey/.local/bin/cmake --build /home/corey/uumotor-servo-motor-driver-ros2/build/uumotor_servo_motor_driver -- -j16 -l16
