[0.142s] Invoking command in '/home/corey/uumotor-servo-motor-driver-ros2/build/uumotor_servo_motor_driver': CMAKE_PREFIX_PATH=${CMAKE_PREFIX_PATH}:/opt/ros/galactic /home/corey/.local/bin/cmake --build /home/corey/uumotor-servo-motor-driver-ros2/build/uumotor_servo_motor_driver -- -j16 -l16
[0.173s] [ 18%] Built target fun
[0.174s] [ 36%] Built target cmd
[0.175s] [ 63%] Built target uumotor_servo_motor_driver
[0.190s] [ 72%] [32mBuilding CXX object CMakeFiles/driver.dir/src/test_node.cpp.o[0m
[1.335s] In file included from [01m[K/home/corey/uumotor-servo-motor-driver-ros2/src/uumotor_servo_motor_driver/src/test_node.cpp:8[m[K:
[1.336s] [01m[K/home/corey/uumotor-servo-motor-driver-ros2/src/uumotor_servo_motor_driver/include/uumotor_servo_motor_driver/controller.hpp:[m[K In member function â€˜[01m[Kvoid Controller::start_demo()[m[Kâ€™:
[1.336s] [01m[K/home/corey/uumotor-servo-motor-driver-ros2/src/uumotor_servo_motor_driver/include/uumotor_servo_motor_driver/controller.hpp:43:17:[m[K [01;31m[Kerror: [m[Kâ€˜[01m[Kvel[m[Kâ€™ was not declared in this scope; did you mean â€˜[01m[Kval[m[Kâ€™?
[1.336s]    43 |                 [01;31m[Kvel[m[K = cmd.substr(del_pos + delimiter.length());
[1.336s]       |                 [01;31m[K^~~[m[K
[1.336s]       |                 [32m[Kval[m[K
[1.799s] make[2]: *** [CMakeFiles/driver.dir/build.make:76: CMakeFiles/driver.dir/src/test_node.cpp.o] Error 1
[1.799s] make[1]: *** [CMakeFiles/Makefile2:170: CMakeFiles/driver.dir/all] Error 2
[1.799s] make: *** [Makefile:146: all] Error 2
[1.803s] Invoked command in '/home/corey/uumotor-servo-motor-driver-ros2/build/uumotor_servo_motor_driver' returned '2': CMAKE_PREFIX_PATH=${CMAKE_PREFIX_PATH}:/opt/ros/galactic /home/corey/.local/bin/cmake --build /home/corey/uumotor-servo-motor-driver-ros2/build/uumotor_servo_motor_driver -- -j16 -l16
