[0.006s] Invoking command in '/home/corey/uumotor-servo-motor-driver-ros2/build/uumotor_servo_motor_driver': CMAKE_PREFIX_PATH=${CMAKE_PREFIX_PATH}:/opt/ros/galactic /usr/bin/cmake --build /home/corey/uumotor-servo-motor-driver-ros2/build/uumotor_servo_motor_driver -- -j32 -l32
[0.034s] [ 18%] Built target fun
[0.037s] [ 36%] Built target cmd
[0.038s] [ 63%] Built target uumotor_servo_motor_driver
[0.045s] [35m[1mScanning dependencies of target driver[0m
[0.061s] [ 72%] [32mBuilding CXX object CMakeFiles/driver.dir/src/test_node.cpp.o[0m
[0.723s] In file included from [01m[K/home/corey/uumotor-servo-motor-driver-ros2/src/uumotor_servo_motor_driver/src/test_node.cpp:8[m[K:
[0.723s] [01m[K/home/corey/uumotor-servo-motor-driver-ros2/src/uumotor_servo_motor_driver/include/uumotor_servo_motor_driver/controller.hpp:[m[K In member function â€˜[01m[Kvoid Controller::start_demo()[m[Kâ€™:
[0.723s] [01m[K/home/corey/uumotor-servo-motor-driver-ros2/src/uumotor_servo_motor_driver/include/uumotor_servo_motor_driver/controller.hpp:129:59:[m[K [01;31m[Kerror: [m[Kâ€˜[01m[Katod[m[Kâ€™ is not a member of â€˜[01m[Kstd[m[Kâ€™
[0.723s]   129 |                 else if (cm == "cs") change_speed(1, std::[01;31m[Katod[m[K(val.c_str()));
[0.723s]       |                                                           [01;31m[K^~~~[m[K
[0.723s] [01m[K/home/corey/uumotor-servo-motor-driver-ros2/src/uumotor_servo_motor_driver/include/uumotor_servo_motor_driver/controller.hpp:130:61:[m[K [01;31m[Kerror: [m[Kâ€˜[01m[Katod[m[Kâ€™ is not a member of â€˜[01m[Kstd[m[Kâ€™
[0.723s]   130 |                 else if (cm == "cc") change_current(1, std::[01;31m[Katod[m[K(val.c_str()));
[0.723s]       |                                                             [01;31m[K^~~~[m[K
[0.725s] [01m[K/home/corey/uumotor-servo-motor-driver-ros2/src/uumotor_servo_motor_driver/src/test_node.cpp:[m[K In function â€˜[01m[Kint main(int, char**)[m[Kâ€™:
[0.725s] [01m[K/home/corey/uumotor-servo-motor-driver-ros2/src/uumotor_servo_motor_driver/src/test_node.cpp:35:15:[m[K [01;35m[Kwarning: [m[Kunused variable â€˜[01m[Kf[m[Kâ€™ [[01;35m[K-Wunused-variable[m[K]
[0.725s]    35 |     Functions [01;35m[Kf[m[K;
[0.725s]       |               [01;35m[K^[m[K
[1.006s] make[2]: *** [CMakeFiles/driver.dir/build.make:63: CMakeFiles/driver.dir/src/test_node.cpp.o] Error 1
[1.006s] make[1]: *** [CMakeFiles/Makefile2:166: CMakeFiles/driver.dir/all] Error 2
[1.006s] make: *** [Makefile:141: all] Error 2
[1.008s] Invoked command in '/home/corey/uumotor-servo-motor-driver-ros2/build/uumotor_servo_motor_driver' returned '2': CMAKE_PREFIX_PATH=${CMAKE_PREFIX_PATH}:/opt/ros/galactic /usr/bin/cmake --build /home/corey/uumotor-servo-motor-driver-ros2/build/uumotor_servo_motor_driver -- -j32 -l32
