[35m[1mScanning dependencies of target fun[0m
[35m[1mScanning dependencies of target uumotor_servo_motor_driver[0m
[  9%] [32mBuilding CXX object CMakeFiles/fun.dir/src/functions.cpp.o[0m
[ 27%] Built target cmd
[ 36%] [32mBuilding CXX object CMakeFiles/uumotor_servo_motor_driver.dir/src/functions.cpp.o[0m
[ 45%] [32m[1mLinking CXX static library libfun.a[0m
[ 45%] Built target fun
[ 54%] [32m[1mLinking CXX shared library libuumotor_servo_motor_driver.so[0m
[35m[1mScanning dependencies of target driver[0m
[ 63%] [32mBuilding CXX object CMakeFiles/driver.dir/src/test_node.cpp.o[0m
[ 72%] [32mBuilding CXX object CMakeFiles/driver.dir/src/functions.cpp.o[0m
[ 81%] Built target uumotor_servo_motor_driver
In file included from [01m[K/home/corey/uumotor-servo-motor-driver-ros2/src/uumotor_servo_motor_driver/src/test_node.cpp:8[m[K:
[01m[K/home/corey/uumotor-servo-motor-driver-ros2/src/uumotor_servo_motor_driver/include/uumotor_servo_motor_driver/controller.hpp:[m[K In member function â€˜[01m[Kvoid Controller::monitor()[m[Kâ€™:
[01m[K/home/corey/uumotor-servo-motor-driver-ros2/src/uumotor_servo_motor_driver/include/uumotor_servo_motor_driver/controller.hpp:148:18:[m[K [01;35m[Kwarning: [m[Kvariable â€˜[01m[Kencoder_val[m[Kâ€™ set but not used [[01;35m[K-Wunused-but-set-variable[m[K]
  148 |             long [01;35m[Kencoder_val[m[K;
      |                  [01;35m[K^~~~~~~~~~~[m[K
[01m[K/home/corey/uumotor-servo-motor-driver-ros2/src/uumotor_servo_motor_driver/src/test_node.cpp:[m[K In function â€˜[01m[Kint main(int, char**)[m[Kâ€™:
[01m[K/home/corey/uumotor-servo-motor-driver-ros2/src/uumotor_servo_motor_driver/src/test_node.cpp:36:30:[m[K [01;31m[Kerror: [m[Kexpected primary-expression before â€˜[01m[K.[m[Kâ€™ token
   36 |     std::vector<uint8_t> k = [01;31m[K.[m[KMC.set_motor_speed(1, 0.1);
      |                              [01;31m[K^[m[K
make[2]: *** [CMakeFiles/driver.dir/build.make:63: CMakeFiles/driver.dir/src/test_node.cpp.o] Error 1
make[1]: *** [CMakeFiles/Makefile2:166: CMakeFiles/driver.dir/all] Error 2
make: *** [Makefile:141: all] Error 2
