[0.018s] Invoking command in '/home/corey/uumotor-servo-motor-driver-ros2/build/uumotor_servo_motor_driver': CMAKE_PREFIX_PATH=/opt/ros/galactic /home/corey/.local/bin/cmake --build /home/corey/uumotor-servo-motor-driver-ros2/build/uumotor_servo_motor_driver -- -j16 -l16
[0.048s] -- Found ament_cmake: 1.1.6 (/opt/ros/galactic/share/ament_cmake/cmake)
[0.050s] [33mCMake Warning (dev) at /opt/ros/galactic/share/ament_cmake_core/cmake/core/python.cmake:22 (find_package):
[0.050s]   Policy CMP0148 is not set: The FindPythonInterp and FindPythonLibs modules
[0.050s]   are removed.  Run "cmake --help-policy CMP0148" for policy details.  Use
[0.050s]   the cmake_policy command to set the policy and suppress this warning.
[0.050s] 
[0.050s] Call Stack (most recent call first):
[0.050s]   /opt/ros/galactic/share/ament_cmake_core/cmake/core/all.cmake:53 (include)
[0.050s]   /opt/ros/galactic/share/ament_cmake_core/cmake/ament_cmake_core-extras.cmake:17 (include)
[0.050s]   /opt/ros/galactic/share/ament_cmake_core/cmake/ament_cmake_coreConfig.cmake:41 (include)
[0.050s]   /opt/ros/galactic/share/ament_cmake/cmake/ament_cmake_export_dependencies-extras.cmake:15 (find_package)
[0.050s]   /opt/ros/galactic/share/ament_cmake/cmake/ament_cmakeConfig.cmake:41 (include)
[0.050s]   CMakeLists.txt:9 (find_package)
[0.050s] This warning is for project developers.  Use -Wno-dev to suppress it.
[0.050s] [0m
[0.067s] -- Using PYTHON_EXECUTABLE: /usr/bin/python3
[0.106s] -- Override CMake install command with custom implementation using symlinks instead of copying resources
[0.112s] -- Found serial: 1.2.1 (/usr/local/share/serial/cmake)
[0.114s] -- Found ament_lint_auto: 0.10.7 (/opt/ros/galactic/share/ament_lint_auto/cmake)
[0.169s] -- Added test 'copyright' to check source files copyright and LICENSE
[0.170s] -- Added test 'cppcheck' to perform static code analysis on C / C++ code
[0.170s] -- Configured cppcheck include dirs: /home/corey/uumotor-servo-motor-driver-ros2/src/uumotor_servo_motor_driver/include
[0.170s] -- Configured cppcheck exclude dirs and/or files: 
[0.171s] -- Added test 'cpplint' to check C / C++ code against the Google style
[0.171s] -- Configured cpplint exclude dirs and/or files: 
[0.171s] -- Added test 'lint_cmake' to check CMake code style
[0.172s] -- Added test 'uncrustify' to check C / C++ code style
[0.173s] -- Configured uncrustify additional arguments: 
[0.173s] -- Added test 'xmllint' to check XML markup files
[0.176s] -- Configuring done (0.1s)
[0.182s] -- Generating done (0.0s)
[0.183s] -- Build files have been written to: /home/corey/uumotor-servo-motor-driver-ros2/build/uumotor_servo_motor_driver
[0.193s] [ 20%] [32mBuilding CXX object CMakeFiles/driver.dir/src/test.cpp.o[0m
[0.195s] [ 40%] [32m[1mLinking CXX shared library libuumotor_servo_motor_driver.so[0m
[0.199s] [01m[K/home/corey/uumotor-servo-motor-driver-ros2/src/uumotor_servo_motor_driver/src/test.cpp:1:10:[m[K [01;31m[Kfatal error: [m[Kuumotor_servo_motor_driver/functions.h: No such file or directory
[0.199s]     1 | #include [01;31m[K"uumotor_servo_motor_driver/functions.h"[m[K
[0.199s]       |          [01;31m[K^~~~~~~~~~~~~~~~~~~~~~~~~~~~~~~~~~~~~~~~[m[K
[0.199s] compilation terminated.
[0.200s] make[2]: *** [CMakeFiles/driver.dir/build.make:76: CMakeFiles/driver.dir/src/test.cpp.o] Error 1
[0.200s] make[1]: *** [CMakeFiles/Makefile2:165: CMakeFiles/driver.dir/all] Error 2
[0.200s] make[1]: *** Waiting for unfinished jobs....
[0.242s] [ 80%] Built target uumotor_servo_motor_driver
[0.243s] make: *** [Makefile:146: all] Error 2
[0.248s] Invoked command in '/home/corey/uumotor-servo-motor-driver-ros2/build/uumotor_servo_motor_driver' returned '2': CMAKE_PREFIX_PATH=/opt/ros/galactic /home/corey/.local/bin/cmake --build /home/corey/uumotor-servo-motor-driver-ros2/build/uumotor_servo_motor_driver -- -j16 -l16
