[0.011s] Invoking command in '/home/corey/uumotor-servo-motor-driver-ros2/build/uumotor_servo_motor_driver': CMAKE_PREFIX_PATH=/opt/ros/galactic /home/corey/.local/bin/cmake --build /home/corey/uumotor-servo-motor-driver-ros2/build/uumotor_servo_motor_driver -- -j16 -l16
[0.043s] [ 60%] Built target uumotor_servo_motor_driver
[0.045s] [ 80%] [32mBuilding CXX object CMakeFiles/driver.dir/src/test_node.cpp.o[0m
[1.185s] [01m[K/home/corey/uumotor-servo-motor-driver-ros2/src/uumotor_servo_motor_driver/src/test_node.cpp:[m[K In constructor â€˜[01m[KTestNode::TestNode()[m[Kâ€™:
[1.185s] [01m[K/home/corey/uumotor-servo-motor-driver-ros2/src/uumotor_servo_motor_driver/src/test_node.cpp:19:39:[m[K [01;31m[Kerror: [m[Kinvalid initialization of reference of type â€˜[01m[Kconst string&[m[Kâ€™ {aka â€˜[01m[Kconst std::__cxx11::basic_string<char>&[m[Kâ€™} from expression of type â€˜[01m[Kstd::wstring[m[Kâ€™ {aka â€˜[01m[Kstd::__cxx11::basic_string<wchar_t>[m[Kâ€™}
[1.185s]    19 |             rclcpp::get_logger([01;31m[KExePath()[m[K)
[1.185s]       |                                [01;31m[K~~~~~~~^~[m[K
[1.185s] In file included from [01m[K/opt/ros/galactic/include/rclcpp/logging.hpp:23[m[K,
[1.185s]                  from [01m[K/opt/ros/galactic/include/rclcpp/service.hpp:34[m[K,
[1.185s]                  from [01m[K/opt/ros/galactic/include/rclcpp/callback_group.hpp:25[m[K,
[1.185s]                  from [01m[K/opt/ros/galactic/include/rclcpp/any_executable.hpp:20[m[K,
[1.185s]                  from [01m[K/opt/ros/galactic/include/rclcpp/memory_strategy.hpp:25[m[K,
[1.186s]                  from [01m[K/opt/ros/galactic/include/rclcpp/memory_strategies.hpp:18[m[K,
[1.186s]                  from [01m[K/opt/ros/galactic/include/rclcpp/executor_options.hpp:20[m[K,
[1.186s]                  from [01m[K/opt/ros/galactic/include/rclcpp/executor.hpp:36[m[K,
[1.186s]                  from [01m[K/opt/ros/galactic/include/rclcpp/executors/multi_threaded_executor.hpp:26[m[K,
[1.186s]                  from [01m[K/opt/ros/galactic/include/rclcpp/executors.hpp:21[m[K,
[1.186s]                  from [01m[K/opt/ros/galactic/include/rclcpp/rclcpp.hpp:156[m[K,
[1.186s]                  from [01m[K/home/corey/uumotor-servo-motor-driver-ros2/src/uumotor_servo_motor_driver/src/test_node.cpp:7[m[K:
[1.186s] [01m[K/opt/ros/galactic/include/rclcpp/logger.hpp:65:32:[m[K [01;36m[Knote: [m[Kin passing argument 1 of â€˜[01m[Krclcpp::Logger rclcpp::get_logger(const string&)[m[Kâ€™
[1.186s]    65 | get_logger([01;36m[Kconst std::string & name[m[K);
[1.186s]       |            [01;36m[K~~~~~~~~~~~~~~~~~~~~^~~~[m[K
[1.186s] [01m[K/home/corey/uumotor-servo-motor-driver-ros2/src/uumotor_servo_motor_driver/src/test_node.cpp:[m[K In member function â€˜[01m[Kstd::wstring TestNode::ExePath()[m[Kâ€™:
[1.186s] [01m[K/home/corey/uumotor-servo-motor-driver-ros2/src/uumotor_servo_motor_driver/src/test_node.cpp:24:9:[m[K [01;31m[Kerror: [m[Kâ€˜[01m[KTCHAR[m[Kâ€™ was not declared in this scope
[1.187s]    24 |         [01;31m[KTCHAR[m[K buffer[MAX_PATH] = { 0 };
[1.187s]       |         [01;31m[K^~~~~[m[K
[1.187s] [01m[K/home/corey/uumotor-servo-motor-driver-ros2/src/uumotor_servo_motor_driver/src/test_node.cpp:25:34:[m[K [01;31m[Kerror: [m[Kâ€˜[01m[Kbuffer[m[Kâ€™ was not declared in this scope; did you mean â€˜[01m[Ksetbuffer[m[Kâ€™?
[1.187s]    25 |         GetModuleFileName( NULL, [01;31m[Kbuffer[m[K, MAX_PATH );
[1.187s]       |                                  [01;31m[K^~~~~~[m[K
[1.187s]       |                                  [32m[Ksetbuffer[m[K
[1.189s] [01m[K/home/corey/uumotor-servo-motor-driver-ros2/src/uumotor_servo_motor_driver/src/test_node.cpp:25:42:[m[K [01;31m[Kerror: [m[Kâ€˜[01m[KMAX_PATH[m[Kâ€™ was not declared in this scope
[1.189s]    25 |         GetModuleFileName( NULL, buffer, [01;31m[KMAX_PATH[m[K );
[1.189s]       |                                          [01;31m[K^~~~~~~~[m[K
[1.191s] [01m[K/home/corey/uumotor-servo-motor-driver-ros2/src/uumotor_servo_motor_driver/src/test_node.cpp:25:9:[m[K [01;31m[Kerror: [m[Kâ€˜[01m[KGetModuleFileName[m[Kâ€™ was not declared in this scope
[1.191s]    25 |         [01;31m[KGetModuleFileName[m[K( NULL, buffer, MAX_PATH );
[1.192s]       |         [01;31m[K^~~~~~~~~~~~~~~~~[m[K
[1.642s] make[2]: *** [CMakeFiles/driver.dir/build.make:76: CMakeFiles/driver.dir/src/test_node.cpp.o] Error 1
[1.642s] make[1]: *** [CMakeFiles/Makefile2:165: CMakeFiles/driver.dir/all] Error 2
[1.642s] make: *** [Makefile:146: all] Error 2
[1.646s] Invoked command in '/home/corey/uumotor-servo-motor-driver-ros2/build/uumotor_servo_motor_driver' returned '2': CMAKE_PREFIX_PATH=/opt/ros/galactic /home/corey/.local/bin/cmake --build /home/corey/uumotor-servo-motor-driver-ros2/build/uumotor_servo_motor_driver -- -j16 -l16
