[01m[K/home/corey/uumotor-servo-motor-driver-ros2/src/uumotor_servo_motor_driver/src/test_node.cpp:25:36:[m[K [01;31m[Kerror: [m[Kâ€˜[01m[KTestNode::monitor[m[Kâ€™ has not been declared
   25 |         std::thread monitor_thread([01;31m[KTestNode[m[K::monitor);
      |                                    [01;31m[K^~~~~~~~[m[K
[01m[K/home/corey/uumotor-servo-motor-driver-ros2/src/uumotor_servo_motor_driver/src/test_node.cpp:27:14:[m[K [01;31m[Kerror: [m[Kextra qualification â€˜[01m[KTestNode::[m[Kâ€™ on member â€˜[01m[Kmonitor[m[Kâ€™ [[01;31m[K-fpermissive[m[K]
   27 |         void [01;31m[KTestNode[m[K::monitor()
      |              [01;31m[K^~~~~~~~[m[K
make[2]: *** [CMakeFiles/driver.dir/build.make:76: CMakeFiles/driver.dir/src/test_node.cpp.o] Error 1
make[1]: *** [CMakeFiles/Makefile2:170: CMakeFiles/driver.dir/all] Error 2
make: *** [Makefile:146: all] Error 2
