[0.140s] Invoking command in '/home/corey/uumotor-servo-motor-driver-ros2/build/uumotor_servo_motor_driver': CMAKE_PREFIX_PATH=${CMAKE_PREFIX_PATH}:/opt/ros/galactic /home/corey/.local/bin/cmake --build /home/corey/uumotor-servo-motor-driver-ros2/build/uumotor_servo_motor_driver -- -j16 -l16
[0.171s] [ 18%] Built target fun
[0.173s] [ 54%] Built target cmd
[0.173s] [ 63%] Built target uumotor_servo_motor_driver
[0.190s] [ 72%] [32mBuilding CXX object CMakeFiles/driver.dir/src/test_node.cpp.o[0m
[1.473s] [01m[K/home/corey/uumotor-servo-motor-driver-ros2/src/uumotor_servo_motor_driver/src/test_node.cpp:25:36:[m[K [01;31m[Kerror: [m[Kâ€˜[01m[KTestNode::monitor[m[Kâ€™ has not been declared
[1.473s]    25 |         std::thread monitor_thread([01;31m[KTestNode[m[K::monitor);
[1.473s]       |                                    [01;31m[K^~~~~~~~[m[K
[1.473s] [01m[K/home/corey/uumotor-servo-motor-driver-ros2/src/uumotor_servo_motor_driver/src/test_node.cpp:27:14:[m[K [01;31m[Kerror: [m[Kextra qualification â€˜[01m[KTestNode::[m[Kâ€™ on member â€˜[01m[Kmonitor[m[Kâ€™ [[01;31m[K-fpermissive[m[K]
[1.473s]    27 |         void [01;31m[KTestNode[m[K::monitor()
[1.473s]       |              [01;31m[K^~~~~~~~[m[K
[2.010s] make[2]: *** [CMakeFiles/driver.dir/build.make:76: CMakeFiles/driver.dir/src/test_node.cpp.o] Error 1
[2.010s] make[1]: *** [CMakeFiles/Makefile2:170: CMakeFiles/driver.dir/all] Error 2
[2.010s] make: *** [Makefile:146: all] Error 2
[2.015s] Invoked command in '/home/corey/uumotor-servo-motor-driver-ros2/build/uumotor_servo_motor_driver' returned '2': CMAKE_PREFIX_PATH=${CMAKE_PREFIX_PATH}:/opt/ros/galactic /home/corey/.local/bin/cmake --build /home/corey/uumotor-servo-motor-driver-ros2/build/uumotor_servo_motor_driver -- -j16 -l16
