[0.137s] Invoking command in '/home/corey/uumotor-servo-motor-driver-ros2/build/uumotor_servo_motor_driver': CMAKE_PREFIX_PATH=${CMAKE_PREFIX_PATH}:/opt/ros/galactic /home/corey/.local/bin/cmake --build /home/corey/uumotor-servo-motor-driver-ros2/build/uumotor_servo_motor_driver -- -j16 -l16
[0.169s] [  9%] [32mBuilding CXX object CMakeFiles/fun.dir/src/functions.cpp.o[0m
[0.170s] [ 18%] [32mBuilding CXX object CMakeFiles/cmd.dir/src/commands.cpp.o[0m
[0.174s] [ 36%] [32mBuilding CXX object CMakeFiles/uumotor_servo_motor_driver.dir/src/commands.cpp.o[0m
[0.174s] [ 36%] [32mBuilding CXX object CMakeFiles/uumotor_servo_motor_driver.dir/src/functions.cpp.o[0m
[0.324s] [01m[K/home/corey/uumotor-servo-motor-driver-ros2/src/uumotor_servo_motor_driver/src/functions.cpp:111:5:[m[K [01;31m[Kerror: [m[Kdefault argument given for parameter 4 of â€˜[01m[Kint Functions::message_decoder(uint8_t*, int, bool, int)[m[Kâ€™ [[01;31m[K-fpermissive[m[K]
[0.324s]   111 | int [01;31m[KFunctions[m[K::message_decoder(uint8_t *msg, int bit, bool unsign, int msg_length=8)
[0.324s]       |     [01;31m[K^~~~~~~~~[m[K
[0.324s] In file included from [01m[K/home/corey/uumotor-servo-motor-driver-ros2/src/uumotor_servo_motor_driver/src/functions.cpp:1[m[K:
[0.324s] [01m[K/home/corey/uumotor-servo-motor-driver-ros2/src/uumotor_servo_motor_driver/include/uumotor_servo_motor_driver/functions.h:26:9:[m[K [01;36m[Knote: [m[Kprevious specification in â€˜[01m[Kint Functions::message_decoder(uint8_t*, int, bool, int)[m[Kâ€™ here
[0.324s]    26 |     int [01;36m[Kmessage_decoder[m[K(uint8_t *msg, int bit, bool unsign, int msg_length=8);
[0.324s]       |         [01;36m[K^~~~~~~~~~~~~~~[m[K
[0.349s] make[2]: *** [CMakeFiles/fun.dir/build.make:76: CMakeFiles/fun.dir/src/functions.cpp.o] Error 1
[0.349s] make[1]: *** [CMakeFiles/Makefile2:196: CMakeFiles/fun.dir/all] Error 2
[0.349s] make[1]: *** Waiting for unfinished jobs....
[0.359s] [01m[K/home/corey/uumotor-servo-motor-driver-ros2/src/uumotor_servo_motor_driver/src/functions.cpp:111:5:[m[K [01;31m[Kerror: [m[Kdefault argument given for parameter 4 of â€˜[01m[Kint Functions::message_decoder(uint8_t*, int, bool, int)[m[Kâ€™ [[01;31m[K-fpermissive[m[K]
[0.359s]   111 | int [01;31m[KFunctions[m[K::message_decoder(uint8_t *msg, int bit, bool unsign, int msg_length=8)
[0.359s]       |     [01;31m[K^~~~~~~~~[m[K
[0.359s] In file included from [01m[K/home/corey/uumotor-servo-motor-driver-ros2/src/uumotor_servo_motor_driver/src/functions.cpp:1[m[K:
[0.359s] [01m[K/home/corey/uumotor-servo-motor-driver-ros2/src/uumotor_servo_motor_driver/include/uumotor_servo_motor_driver/functions.h:26:9:[m[K [01;36m[Knote: [m[Kprevious specification in â€˜[01m[Kint Functions::message_decoder(uint8_t*, int, bool, int)[m[Kâ€™ here
[0.359s]    26 |     int [01;36m[Kmessage_decoder[m[K(uint8_t *msg, int bit, bool unsign, int msg_length=8);
[0.359s]       |         [01;36m[K^~~~~~~~~~~~~~~[m[K
[0.387s] make[2]: *** [CMakeFiles/uumotor_servo_motor_driver.dir/build.make:90: CMakeFiles/uumotor_servo_motor_driver.dir/src/functions.cpp.o] Error 1
[0.387s] make[2]: *** Waiting for unfinished jobs....
[1.925s] [ 45%] [32m[1mLinking CXX static library libcmd.a[0m
[1.933s] [ 45%] Built target cmd
[1.934s] make[1]: *** [CMakeFiles/Makefile2:143: CMakeFiles/uumotor_servo_motor_driver.dir/all] Error 2
[1.934s] make: *** [Makefile:146: all] Error 2
[1.938s] Invoked command in '/home/corey/uumotor-servo-motor-driver-ros2/build/uumotor_servo_motor_driver' returned '2': CMAKE_PREFIX_PATH=${CMAKE_PREFIX_PATH}:/opt/ros/galactic /home/corey/.local/bin/cmake --build /home/corey/uumotor-servo-motor-driver-ros2/build/uumotor_servo_motor_driver -- -j16 -l16
