[0.137s] Invoking command in '/home/corey/uumotor-servo-motor-driver-ros2/build/uumotor_servo_motor_driver': CMAKE_PREFIX_PATH=${CMAKE_PREFIX_PATH}:/opt/ros/galactic /home/corey/.local/bin/cmake --build /home/corey/uumotor-servo-motor-driver-ros2/build/uumotor_servo_motor_driver -- -j16 -l16
[0.169s] [ 18%] Built target fun
[0.171s] [ 36%] Built target cmd
[0.171s] [ 63%] Built target uumotor_servo_motor_driver
[0.187s] [ 72%] [32mBuilding CXX object CMakeFiles/driver.dir/src/test_node.cpp.o[0m
[1.432s] In file included from [01m[K/home/corey/uumotor-servo-motor-driver-ros2/src/uumotor_servo_motor_driver/src/test_node.cpp:8[m[K:
[1.433s] [01m[K/home/corey/uumotor-servo-motor-driver-ros2/src/uumotor_servo_motor_driver/include/uumotor_servo_motor_driver/controller.hpp:[m[K In member function â€˜[01m[Kvoid Controller::start_demo()[m[Kâ€™:
[1.433s] [01m[K/home/corey/uumotor-servo-motor-driver-ros2/src/uumotor_servo_motor_driver/include/uumotor_servo_motor_driver/controller.hpp:43:30:[m[K [01;31m[Kerror: [m[Kâ€˜[01m[Ktext[m[Kâ€™ was not declared in this scope; did you mean â€˜[01m[Ktest[m[Kâ€™?
[1.433s]    43 |                 std::cout << [01;31m[Ktext[m[K << std::endl;
[1.433s]       |                              [01;31m[K^~~~[m[K
[1.433s]       |                              [32m[Ktest[m[K
[1.433s] [01m[K/home/corey/uumotor-servo-motor-driver-ros2/src/uumotor_servo_motor_driver/include/uumotor_servo_motor_driver/controller.hpp:20:18:[m[K [01;35m[Kwarning: [m[Kunused variable â€˜[01m[Kbuff[m[Kâ€™ [[01;35m[K-Wunused-variable[m[K]
[1.433s]    20 |             char [01;35m[Kbuff[m[K[1000];
[1.433s]       |                  [01;35m[K^~~~[m[K
[1.433s] [01m[K/home/corey/uumotor-servo-motor-driver-ros2/src/uumotor_servo_motor_driver/include/uumotor_servo_motor_driver/controller.hpp:27:25:[m[K [01;35m[Kwarning: [m[Kunused variable â€˜[01m[Ktest[m[Kâ€™ [[01;35m[K-Wunused-variable[m[K]
[1.433s]    27 |             const char *[01;35m[Ktest[m[K =
[1.433s]       |                         [01;35m[K^~~~[m[K
[1.939s] make[2]: *** [CMakeFiles/driver.dir/build.make:76: CMakeFiles/driver.dir/src/test_node.cpp.o] Error 1
[1.939s] make[1]: *** [CMakeFiles/Makefile2:170: CMakeFiles/driver.dir/all] Error 2
[1.939s] make: *** [Makefile:146: all] Error 2
[1.943s] Invoked command in '/home/corey/uumotor-servo-motor-driver-ros2/build/uumotor_servo_motor_driver' returned '2': CMAKE_PREFIX_PATH=${CMAKE_PREFIX_PATH}:/opt/ros/galactic /home/corey/.local/bin/cmake --build /home/corey/uumotor-servo-motor-driver-ros2/build/uumotor_servo_motor_driver -- -j16 -l16
