[0.110s] Invoking command in '/home/corey/uumotor-servo-motor-driver-ros2/build/uumotor_servo_motor_driver': CMAKE_PREFIX_PATH=/opt/ros/galactic /home/corey/.local/bin/cmake --build /home/corey/uumotor-servo-motor-driver-ros2/build/uumotor_servo_motor_driver -- -j16 -l16
[0.141s] [  9%] [32mBuilding CXX object CMakeFiles/fun.dir/src/functions.cpp.o[0m
[0.142s] [ 27%] Built target cmd
[0.146s] [ 36%] [32mBuilding CXX object CMakeFiles/uumotor_servo_motor_driver.dir/src/functions.cpp.o[0m
[0.293s] [01m[K/home/corey/uumotor-servo-motor-driver-ros2/src/uumotor_servo_motor_driver/src/functions.cpp:111:5:[m[K [01;31m[Kerror: [m[Kdefault argument given for parameter 4 of â€˜[01m[Kint Functions::message_decoder(uint8_t*, int, bool, int)[m[Kâ€™ [[01;31m[K-fpermissive[m[K]
[0.293s]   111 | int [01;31m[KFunctions[m[K::message_decoder(uint8_t *msg, int bit, bool unsign, int msg_length=8)
[0.293s]       |     [01;31m[K^~~~~~~~~[m[K
[0.293s] In file included from [01m[K/home/corey/uumotor-servo-motor-driver-ros2/src/uumotor_servo_motor_driver/src/functions.cpp:1[m[K:
[0.294s] [01m[K/home/corey/uumotor-servo-motor-driver-ros2/src/uumotor_servo_motor_driver/include/uumotor_servo_motor_driver/functions.h:26:9:[m[K [01;36m[Knote: [m[Kprevious specification in â€˜[01m[Kint Functions::message_decoder(uint8_t*, int, bool, int)[m[Kâ€™ here
[0.294s]    26 |     int [01;36m[Kmessage_decoder[m[K(uint8_t *msg, int bit, bool unsign, int msg_length=8);
[0.294s]       |         [01;36m[K^~~~~~~~~~~~~~~[m[K
[0.317s] make[2]: *** [CMakeFiles/fun.dir/build.make:76: CMakeFiles/fun.dir/src/functions.cpp.o] Error 1
[0.317s] make[1]: *** [CMakeFiles/Makefile2:196: CMakeFiles/fun.dir/all] Error 2
[0.317s] make[1]: *** Waiting for unfinished jobs....
[0.326s] [01m[K/home/corey/uumotor-servo-motor-driver-ros2/src/uumotor_servo_motor_driver/src/functions.cpp:111:5:[m[K [01;31m[Kerror: [m[Kdefault argument given for parameter 4 of â€˜[01m[Kint Functions::message_decoder(uint8_t*, int, bool, int)[m[Kâ€™ [[01;31m[K-fpermissive[m[K]
[0.326s]   111 | int [01;31m[KFunctions[m[K::message_decoder(uint8_t *msg, int bit, bool unsign, int msg_length=8)
[0.326s]       |     [01;31m[K^~~~~~~~~[m[K
[0.326s] In file included from [01m[K/home/corey/uumotor-servo-motor-driver-ros2/src/uumotor_servo_motor_driver/src/functions.cpp:1[m[K:
[0.326s] [01m[K/home/corey/uumotor-servo-motor-driver-ros2/src/uumotor_servo_motor_driver/include/uumotor_servo_motor_driver/functions.h:26:9:[m[K [01;36m[Knote: [m[Kprevious specification in â€˜[01m[Kint Functions::message_decoder(uint8_t*, int, bool, int)[m[Kâ€™ here
[0.326s]    26 |     int [01;36m[Kmessage_decoder[m[K(uint8_t *msg, int bit, bool unsign, int msg_length=8);
[0.327s]       |         [01;36m[K^~~~~~~~~~~~~~~[m[K
[0.353s] make[2]: *** [CMakeFiles/uumotor_servo_motor_driver.dir/build.make:90: CMakeFiles/uumotor_servo_motor_driver.dir/src/functions.cpp.o] Error 1
[0.353s] make[1]: *** [CMakeFiles/Makefile2:143: CMakeFiles/uumotor_servo_motor_driver.dir/all] Error 2
[0.353s] make: *** [Makefile:146: all] Error 2
[0.357s] Invoked command in '/home/corey/uumotor-servo-motor-driver-ros2/build/uumotor_servo_motor_driver' returned '2': CMAKE_PREFIX_PATH=/opt/ros/galactic /home/corey/.local/bin/cmake --build /home/corey/uumotor-servo-motor-driver-ros2/build/uumotor_servo_motor_driver -- -j16 -l16
