[0.022s] Invoking command in '/home/corey/uumotor-servo-motor-driver-ros2/build/uumotor_servo_motor_driver': CMAKE_PREFIX_PATH=/opt/ros/galactic /home/corey/.local/bin/cmake --build /home/corey/uumotor-servo-motor-driver-ros2/build/uumotor_servo_motor_driver -- -j16 -l16
[0.070s] -- Found ament_cmake: 1.1.6 (/opt/ros/galactic/share/ament_cmake/cmake)
[0.072s] [33mCMake Warning (dev) at /opt/ros/galactic/share/ament_cmake_core/cmake/core/python.cmake:22 (find_package):
[0.072s]   Policy CMP0148 is not set: The FindPythonInterp and FindPythonLibs modules
[0.073s]   are removed.  Run "cmake --help-policy CMP0148" for policy details.  Use
[0.073s]   the cmake_policy command to set the policy and suppress this warning.
[0.073s] 
[0.073s] Call Stack (most recent call first):
[0.073s]   /opt/ros/galactic/share/ament_cmake_core/cmake/core/all.cmake:53 (include)
[0.073s]   /opt/ros/galactic/share/ament_cmake_core/cmake/ament_cmake_core-extras.cmake:17 (include)
[0.073s]   /opt/ros/galactic/share/ament_cmake_core/cmake/ament_cmake_coreConfig.cmake:41 (include)
[0.073s]   /opt/ros/galactic/share/ament_cmake/cmake/ament_cmake_export_dependencies-extras.cmake:15 (find_package)
[0.073s]   /opt/ros/galactic/share/ament_cmake/cmake/ament_cmakeConfig.cmake:41 (include)
[0.073s]   CMakeLists.txt:9 (find_package)
[0.074s] This warning is for project developers.  Use -Wno-dev to suppress it.
[0.074s] [0m
[0.101s] -- Using PYTHON_EXECUTABLE: /usr/bin/python3
[0.145s] -- Override CMake install command with custom implementation using symlinks instead of copying resources
[0.150s] -- Found serial: 1.2.1 (/usr/local/share/serial/cmake)
[0.152s] -- Found ament_lint_auto: 0.10.7 (/opt/ros/galactic/share/ament_lint_auto/cmake)
[0.203s] -- Added test 'copyright' to check source files copyright and LICENSE
[0.203s] -- Added test 'cppcheck' to perform static code analysis on C / C++ code
[0.203s] -- Configured cppcheck include dirs: /home/corey/uumotor-servo-motor-driver-ros2/src/uumotor_servo_motor_driver/include
[0.204s] -- Configured cppcheck exclude dirs and/or files: 
[0.204s] -- Added test 'cpplint' to check C / C++ code against the Google style
[0.204s] -- Configured cpplint exclude dirs and/or files: 
[0.204s] -- Added test 'lint_cmake' to check CMake code style
[0.204s] -- Added test 'uncrustify' to check C / C++ code style
[0.204s] -- Configured uncrustify additional arguments: 
[0.204s] -- Added test 'xmllint' to check XML markup files
[0.208s] -- Configuring done (0.1s)
[0.213s] -- Generating done (0.0s)
[0.214s] -- Build files have been written to: /home/corey/uumotor-servo-motor-driver-ros2/build/uumotor_servo_motor_driver
[0.225s] [ 16%] [32mBuilding CXX object CMakeFiles/driver.dir/src/test.cpp.o[0m
[0.227s] [ 33%] [32mBuilding CXX object CMakeFiles/uumotor_servo_motor_driver.dir/src/test.cpp.o[0m
[0.231s] [01m[K/home/corey/uumotor-servo-motor-driver-ros2/src/uumotor_servo_motor_driver/src/test.cpp:1:10:[m[K [01;31m[Kfatal error: [m[Kuumotor_servo_motor_driver/functions.h: No such file or directory
[0.232s]     1 | #include [01;31m[K"uumotor_servo_motor_driver/functions.h"[m[K
[0.232s]       |          [01;31m[K^~~~~~~~~~~~~~~~~~~~~~~~~~~~~~~~~~~~~~~~[m[K
[0.232s] compilation terminated.
[0.232s] make[2]: *** [CMakeFiles/driver.dir/build.make:76: CMakeFiles/driver.dir/src/test.cpp.o] Error 1
[0.232s] make[1]: *** [CMakeFiles/Makefile2:165: CMakeFiles/driver.dir/all] Error 2
[0.232s] make[1]: *** Waiting for unfinished jobs....
[0.251s] [01m[K/home/corey/uumotor-servo-motor-driver-ros2/src/uumotor_servo_motor_driver/src/test.cpp:2:20:[m[K [01;35m[Kwarning: [m[Kextra tokens at end of #include directive
[0.251s]     2 | #include <iostream>[01;35m[K>[m[K
[0.251s]       |                    [01;35m[K^[m[K
[0.387s] [01m[K/home/corey/uumotor-servo-motor-driver-ros2/src/uumotor_servo_motor_driver/src/test.cpp:6:1:[m[K [01;31m[Kerror: [m[Kâ€˜[01m[K::main[m[Kâ€™ must return â€˜[01m[Kint[m[Kâ€™
[0.387s]     6 | [01;31m[Kvoid[m[K main()
[0.388s]       | [01;31m[K^~~~[m[K
[0.388s] [01m[K/home/corey/uumotor-servo-motor-driver-ros2/src/uumotor_servo_motor_driver/src/test.cpp:[m[K In function â€˜[01m[Kint main()[m[Kâ€™:
[0.388s] [01m[K/home/corey/uumotor-servo-motor-driver-ros2/src/uumotor_servo_motor_driver/src/test.cpp:10:5:[m[K [01;31m[Kerror: [m[Kexpected initializer before â€˜[01m[Kconst[m[Kâ€™
[0.388s]    10 |     [01;31m[Kconst[m[K unsigned char cmd[6] = {0xEE, 0x06, 0x51, 0x00, 0x00, 0x00};
[0.388s]       |     [01;31m[K^~~~~[m[K
[0.388s] [01m[K/home/corey/uumotor-servo-motor-driver-ros2/src/uumotor_servo_motor_driver/src/test.cpp:11:28:[m[K [01;31m[Kerror: [m[Kâ€˜[01m[Kcmd[m[Kâ€™ was not declared in this scope
[0.388s]    11 |     int arraySize = sizeof([01;31m[Kcmd[m[K)/sizeof(cmd[0]);
[0.388s]       |                            [01;31m[K^~~[m[K
[0.388s] [01m[K/home/corey/uumotor-servo-motor-driver-ros2/src/uumotor_servo_motor_driver/src/test.cpp:12:20:[m[K [01;31m[Kerror: [m[Kâ€˜[01m[Kfun[m[Kâ€™ was not declared in this scope
[0.388s]    12 |     uint16_t crc = [01;31m[Kfun[m[K.Calc_Crc(cmd, arraySize);
[0.388s]       |                    [01;31m[K^~~[m[K
[0.413s] make[2]: *** [CMakeFiles/uumotor_servo_motor_driver.dir/build.make:104: CMakeFiles/uumotor_servo_motor_driver.dir/src/test.cpp.o] Error 1
[0.413s] make[1]: *** [CMakeFiles/Makefile2:139: CMakeFiles/uumotor_servo_motor_driver.dir/all] Error 2
[0.413s] make: *** [Makefile:146: all] Error 2
[0.417s] Invoked command in '/home/corey/uumotor-servo-motor-driver-ros2/build/uumotor_servo_motor_driver' returned '2': CMAKE_PREFIX_PATH=/opt/ros/galactic /home/corey/.local/bin/cmake --build /home/corey/uumotor-servo-motor-driver-ros2/build/uumotor_servo_motor_driver -- -j16 -l16
