In file included from [01m[K/home/corey/uumotor-servo-motor-driver-ros2/src/uumotor_servo_motor_driver/src/test_node.cpp:8[m[K:
[01m[K/home/corey/uumotor-servo-motor-driver-ros2/src/uumotor_servo_motor_driver/include/uumotor_servo_motor_driver/controller.hpp:[m[K In member function â€˜[01m[Kvoid Controller::start_demo()[m[Kâ€™:
[01m[K/home/corey/uumotor-servo-motor-driver-ros2/src/uumotor_servo_motor_driver/include/uumotor_servo_motor_driver/controller.hpp:139:24:[m[K [01;31m[Kerror: [m[Kexpected type-specifier before â€˜[01m[K)[m[Kâ€™ token
  139 |                 catch ([01;31m[K)[m[K
      |                        [01;31m[K^[m[K
make[2]: *** [CMakeFiles/driver.dir/build.make:63: CMakeFiles/driver.dir/src/test_node.cpp.o] Error 1
make[1]: *** [CMakeFiles/Makefile2:166: CMakeFiles/driver.dir/all] Error 2
make: *** [Makefile:141: all] Error 2
