[0.012s] Invoking command in '/home/corey/uumotor-servo-motor-driver-ros2/build/uumotor_servo_motor_driver': CMAKE_PREFIX_PATH=${CMAKE_PREFIX_PATH}:/opt/ros/galactic /home/corey/.local/bin/cmake --build /home/corey/uumotor-servo-motor-driver-ros2/build/uumotor_servo_motor_driver -- -j16 -l16
[0.049s] [  9%] [32mBuilding CXX object CMakeFiles/fun.dir/src/functions.cpp.o[0m
[0.055s] [ 18%] [32mBuilding CXX object CMakeFiles/cmd.dir/src/commands.cpp.o[0m
[0.055s] [ 27%] [32mBuilding CXX object CMakeFiles/uumotor_servo_motor_driver.dir/src/commands.cpp.o[0m
[0.055s] [ 36%] [32mBuilding CXX object CMakeFiles/uumotor_servo_motor_driver.dir/src/functions.cpp.o[0m
[0.240s] [01m[K/home/corey/uumotor-servo-motor-driver-ros2/src/uumotor_servo_motor_driver/src/functions.cpp:[m[K In member function â€˜[01m[Kint Functions::get_value(uint8_t*)[m[Kâ€™:
[0.240s] [01m[K/home/corey/uumotor-servo-motor-driver-ros2/src/uumotor_servo_motor_driver/src/functions.cpp:117:28:[m[K [01;31m[Kerror: [m[Kno matching function for call to â€˜[01m[KFunctions::message_decoder(uint8_t*&)[m[Kâ€™
[0.241s]   117 |         message_decoder(msg[01;31m[K)[m[K, 16, false);
[0.241s]       |                            [01;31m[K^[m[K
[0.241s] In file included from [01m[K/home/corey/uumotor-servo-motor-driver-ros2/src/uumotor_servo_motor_driver/src/functions.cpp:1[m[K:
[0.241s] [01m[K/home/corey/uumotor-servo-motor-driver-ros2/src/uumotor_servo_motor_driver/include/uumotor_servo_motor_driver/functions.h:26:9:[m[K [01;36m[Knote: [m[Kcandidate: â€˜[01m[Kint Functions::message_decoder(uint8_t*, int, bool)[m[Kâ€™
[0.241s]    26 |     int [01;36m[Kmessage_decoder[m[K(uint8_t *msg, int bit, bool unsign);
[0.241s]       |         [01;36m[K^~~~~~~~~~~~~~~[m[K
[0.241s] [01m[K/home/corey/uumotor-servo-motor-driver-ros2/src/uumotor_servo_motor_driver/include/uumotor_servo_motor_driver/functions.h:26:9:[m[K [01;36m[Knote: [m[K  candidate expects 3 arguments, 1 provided
[0.266s] [01m[K/home/corey/uumotor-servo-motor-driver-ros2/src/uumotor_servo_motor_driver/src/functions.cpp:124:1:[m[K [01;35m[Kwarning: [m[Kcontrol reaches end of non-void function [[01;35m[K-Wreturn-type[m[K]
[0.267s]   124 | [01;35m[K}[m[K
[0.267s]       | [01;35m[K^[m[K
[0.270s] make[2]: *** [CMakeFiles/fun.dir/build.make:76: CMakeFiles/fun.dir/src/functions.cpp.o] Error 1
[0.271s] make[1]: *** [CMakeFiles/Makefile2:196: CMakeFiles/fun.dir/all] Error 2
[0.271s] make[1]: *** Waiting for unfinished jobs....
[0.286s] [01m[K/home/corey/uumotor-servo-motor-driver-ros2/src/uumotor_servo_motor_driver/src/functions.cpp:[m[K In member function â€˜[01m[Kint Functions::get_value(uint8_t*)[m[Kâ€™:
[0.286s] [01m[K/home/corey/uumotor-servo-motor-driver-ros2/src/uumotor_servo_motor_driver/src/functions.cpp:117:28:[m[K [01;31m[Kerror: [m[Kno matching function for call to â€˜[01m[KFunctions::message_decoder(uint8_t*&)[m[Kâ€™
[0.286s]   117 |         message_decoder(msg[01;31m[K)[m[K, 16, false);
[0.286s]       |                            [01;31m[K^[m[K
[0.286s] In file included from [01m[K/home/corey/uumotor-servo-motor-driver-ros2/src/uumotor_servo_motor_driver/src/functions.cpp:1[m[K:
[0.286s] [01m[K/home/corey/uumotor-servo-motor-driver-ros2/src/uumotor_servo_motor_driver/include/uumotor_servo_motor_driver/functions.h:26:9:[m[K [01;36m[Knote: [m[Kcandidate: â€˜[01m[Kint Functions::message_decoder(uint8_t*, int, bool)[m[Kâ€™
[0.286s]    26 |     int [01;36m[Kmessage_decoder[m[K(uint8_t *msg, int bit, bool unsign);
[0.286s]       |         [01;36m[K^~~~~~~~~~~~~~~[m[K
[0.286s] [01m[K/home/corey/uumotor-servo-motor-driver-ros2/src/uumotor_servo_motor_driver/include/uumotor_servo_motor_driver/functions.h:26:9:[m[K [01;36m[Knote: [m[K  candidate expects 3 arguments, 1 provided
[0.313s] [01m[K/home/corey/uumotor-servo-motor-driver-ros2/src/uumotor_servo_motor_driver/src/functions.cpp:124:1:[m[K [01;35m[Kwarning: [m[Kcontrol reaches end of non-void function [[01;35m[K-Wreturn-type[m[K]
[0.313s]   124 | [01;35m[K}[m[K
[0.313s]       | [01;35m[K^[m[K
[0.316s] make[2]: *** [CMakeFiles/uumotor_servo_motor_driver.dir/build.make:90: CMakeFiles/uumotor_servo_motor_driver.dir/src/functions.cpp.o] Error 1
[0.316s] make[2]: *** Waiting for unfinished jobs....
[1.997s] [ 45%] [32m[1mLinking CXX static library libcmd.a[0m
[2.005s] [ 45%] Built target cmd
[2.035s] make[1]: *** [CMakeFiles/Makefile2:143: CMakeFiles/uumotor_servo_motor_driver.dir/all] Error 2
[2.036s] make: *** [Makefile:146: all] Error 2
[2.039s] Invoked command in '/home/corey/uumotor-servo-motor-driver-ros2/build/uumotor_servo_motor_driver' returned '2': CMAKE_PREFIX_PATH=${CMAKE_PREFIX_PATH}:/opt/ros/galactic /home/corey/.local/bin/cmake --build /home/corey/uumotor-servo-motor-driver-ros2/build/uumotor_servo_motor_driver -- -j16 -l16
