[01m[K/home/corey/uumotor-servo-motor-driver-ros2/src/uumotor_servo_motor_driver/src/test_node.cpp:[m[K In function â€˜[01m[Kint main(int, char**)[m[Kâ€™:
[01m[K/home/corey/uumotor-servo-motor-driver-ros2/src/uumotor_servo_motor_driver/src/test_node.cpp:39:33:[m[K [01;31m[Kerror: [m[Kâ€˜[01m[Kutoi[m[Kâ€™ was not declared in this scope; did you mean â€˜[01m[Katoi[m[Kâ€™?
   39 |     val = fun.Calc_Crc((uint8_t)[01;31m[Kutoi[m[K(cmd), 6);
      |                                 [01;31m[K^~~~[m[K
      |                                 [32m[Katoi[m[K
make[2]: *** [CMakeFiles/driver.dir/build.make:76: CMakeFiles/driver.dir/src/test_node.cpp.o] Error 1
make[1]: *** [CMakeFiles/Makefile2:165: CMakeFiles/driver.dir/all] Error 2
make: *** [Makefile:146: all] Error 2
